[32m2023-05-31 16:04:10 +0200[0m - dagster - [34mDEBUG[0m - __ASSET_JOB - 5e369119-7466-4417-8d00-8b7e9d117411 - 63720 - LOGS_CAPTURED - Started capturing logs in process (pid: 63720).
[32m2023-05-31 16:04:10 +0200[0m - dagster - [34mDEBUG[0m - __ASSET_JOB - 5e369119-7466-4417-8d00-8b7e9d117411 - 63720 - filter_for_new_properties - STEP_START - Started execution of step "filter_for_new_properties".
[32m2023-05-31 16:04:10 +0200[0m - dagster - [34mDEBUG[0m - __ASSET_JOB - 5e369119-7466-4417-8d00-8b7e9d117411 - filter_for_new_properties - Loading file from: /Users/ctac/Desktop/Data Engineer /Projects/realestate_scraping_project/realestate-scraping/tmpru10zrl_/storage/scrape_pages
[32m2023-05-31 16:04:10 +0200[0m - dagster - [34mDEBUG[0m - __ASSET_JOB - 5e369119-7466-4417-8d00-8b7e9d117411 - 63720 - filter_for_new_properties - ASSET_OBSERVATION - DagsterEventType.ASSET_OBSERVATION for step filter_for_new_properties
[32m2023-05-31 16:04:10 +0200[0m - dagster - [34mDEBUG[0m - __ASSET_JOB - 5e369119-7466-4417-8d00-8b7e9d117411 - 63720 - filter_for_new_properties - LOADED_INPUT - Loaded input "scrape_pages" using input manager "io_manager"
[32m2023-05-31 16:04:10 +0200[0m - dagster - [34mDEBUG[0m - __ASSET_JOB - 5e369119-7466-4417-8d00-8b7e9d117411 - 63720 - filter_for_new_properties - STEP_INPUT - Got input "scrape_pages" of type "Any". (Type check passed).
[32m2023-05-31 16:04:10 +0200[0m - dagster - [34mINFO[0m - __ASSET_JOB - 5e369119-7466-4417-8d00-8b7e9d117411 - filter_for_new_properties -           id      fingerprint     city
0    7559068  7559068-1760000  zuerich
1    7559066  7559066-2100000  zuerich
2    7559065  7559065-1630000  zuerich
3    7727366   7727366-790000  zuerich
4    7709765  7709765-1200000  zuerich
..       ...              ...      ...
138  7313175  7313175-2290000  zuerich
139  7313168  7313168-2980000  zuerich
140  7308985  7308985-2680000  zuerich
141  7772372   7772372-499000  zuerich
142  7713243  7713243-3600000  zuerich

[143 rows x 3 columns]
[32m2023-05-31 16:04:10 +0200[0m - dagster - [34mDEBUG[0m - __ASSET_JOB - 5e369119-7466-4417-8d00-8b7e9d117411 - 63720 - filter_for_new_properties - STEP_OUTPUT - Yielded output "result" of type "Any". (Type check passed).
[32m2023-05-31 16:04:10 +0200[0m - dagster - [34mDEBUG[0m - __ASSET_JOB - 5e369119-7466-4417-8d00-8b7e9d117411 - filter_for_new_properties - Writing file at: /Users/ctac/Desktop/Data Engineer /Projects/realestate_scraping_project/realestate-scraping/tmpru10zrl_/storage/filter_for_new_properties
[32m2023-05-31 16:04:10 +0200[0m - dagster - [34mDEBUG[0m - __ASSET_JOB - 5e369119-7466-4417-8d00-8b7e9d117411 - 63720 - filter_for_new_properties - ASSET_MATERIALIZATION - Materialized value filter_for_new_properties.
[32m2023-05-31 16:04:10 +0200[0m - dagster - [34mDEBUG[0m - __ASSET_JOB - 5e369119-7466-4417-8d00-8b7e9d117411 - 63720 - filter_for_new_properties - HANDLED_OUTPUT - Handled output "result" using IO manager "io_manager"
[32m2023-05-31 16:04:10 +0200[0m - dagster - [34mDEBUG[0m - __ASSET_JOB - 5e369119-7466-4417-8d00-8b7e9d117411 - 63720 - filter_for_new_properties - STEP_SUCCESS - Finished execution of step "filter_for_new_properties" in 124ms.
