[32m2023-05-31 17:39:38 +0200[0m - dagster - [34mDEBUG[0m - __ASSET_JOB - d4d73014-d7a4-4c46-94f5-a9c53704ecea - 66774 - LOGS_CAPTURED - Started capturing logs in process (pid: 66774).
[32m2023-05-31 17:39:38 +0200[0m - dagster - [34mDEBUG[0m - __ASSET_JOB - d4d73014-d7a4-4c46-94f5-a9c53704ecea - 66774 - download_pages - STEP_START - Started execution of step "download_pages".
[32m2023-05-31 17:39:42 +0200[0m - dagster - [34mINFO[0m - __ASSET_JOB - d4d73014-d7a4-4c46-94f5-a9c53704ecea - download_pages - https://www.immoscout24.ch/en/real-estate/buy/city-zuerich?pn=1&r=15&map=1
[32m2023-05-31 17:39:45 +0200[0m - dagster - [34mINFO[0m - __ASSET_JOB - d4d73014-d7a4-4c46-94f5-a9c53704ecea - download_pages - File 230531_real_estate_data_zuerich_15_km_part_1.html written to ./realestate_scraping/data/
[32m2023-05-31 17:39:45 +0200[0m - dagster - [34mINFO[0m - __ASSET_JOB - d4d73014-d7a4-4c46-94f5-a9c53704ecea - download_pages - https://www.immoscout24.ch/en/real-estate/buy/city-zuerich?pn=2&r=15&map=1
[32m2023-05-31 17:39:48 +0200[0m - dagster - [34mINFO[0m - __ASSET_JOB - d4d73014-d7a4-4c46-94f5-a9c53704ecea - download_pages - File 230531_real_estate_data_zuerich_15_km_part_2.html written to ./realestate_scraping/data/
[32m2023-05-31 17:39:48 +0200[0m - dagster - [34mINFO[0m - __ASSET_JOB - d4d73014-d7a4-4c46-94f5-a9c53704ecea - download_pages - https://www.immoscout24.ch/en/real-estate/buy/city-zuerich?pn=3&r=15&map=1
[32m2023-05-31 17:39:52 +0200[0m - dagster - [34mINFO[0m - __ASSET_JOB - d4d73014-d7a4-4c46-94f5-a9c53704ecea - download_pages - File 230531_real_estate_data_zuerich_15_km_part_3.html written to ./realestate_scraping/data/
[32m2023-05-31 17:39:52 +0200[0m - dagster - [34mINFO[0m - __ASSET_JOB - d4d73014-d7a4-4c46-94f5-a9c53704ecea - download_pages - https://www.immoscout24.ch/en/real-estate/buy/city-zuerich?pn=4&r=15&map=1
[32m2023-05-31 17:39:56 +0200[0m - dagster - [34mINFO[0m - __ASSET_JOB - d4d73014-d7a4-4c46-94f5-a9c53704ecea - download_pages - File 230531_real_estate_data_zuerich_15_km_part_4.html written to ./realestate_scraping/data/
[32m2023-05-31 17:39:56 +0200[0m - dagster - [34mINFO[0m - __ASSET_JOB - d4d73014-d7a4-4c46-94f5-a9c53704ecea - download_pages - https://www.immoscout24.ch/en/real-estate/buy/city-zuerich?pn=5&r=15&map=1
[32m2023-05-31 17:40:04 +0200[0m - dagster - [34mINFO[0m - __ASSET_JOB - d4d73014-d7a4-4c46-94f5-a9c53704ecea - download_pages - File 230531_real_estate_data_zuerich_15_km_part_5.html written to ./realestate_scraping/data/
[32m2023-05-31 17:40:04 +0200[0m - dagster - [34mINFO[0m - __ASSET_JOB - d4d73014-d7a4-4c46-94f5-a9c53704ecea - download_pages - https://www.immoscout24.ch/en/real-estate/buy/city-zuerich?pn=6&r=15&map=1
[32m2023-05-31 17:40:07 +0200[0m - dagster - [34mINFO[0m - __ASSET_JOB - d4d73014-d7a4-4c46-94f5-a9c53704ecea - download_pages - File 230531_real_estate_data_zuerich_15_km_part_6.html written to ./realestate_scraping/data/
[32m2023-05-31 17:40:07 +0200[0m - dagster - [34mINFO[0m - __ASSET_JOB - d4d73014-d7a4-4c46-94f5-a9c53704ecea - download_pages - https://www.immoscout24.ch/en/real-estate/buy/city-zuerich?pn=7&r=15&map=1
[32m2023-05-31 17:40:11 +0200[0m - dagster - [34mINFO[0m - __ASSET_JOB - d4d73014-d7a4-4c46-94f5-a9c53704ecea - download_pages - File 230531_real_estate_data_zuerich_15_km_part_7.html written to ./realestate_scraping/data/
[32m2023-05-31 17:40:11 +0200[0m - dagster - [34mINFO[0m - __ASSET_JOB - d4d73014-d7a4-4c46-94f5-a9c53704ecea - download_pages - https://www.immoscout24.ch/en/real-estate/buy/city-zuerich?pn=8&r=15&map=1
[32m2023-05-31 17:40:14 +0200[0m - dagster - [34mINFO[0m - __ASSET_JOB - d4d73014-d7a4-4c46-94f5-a9c53704ecea - download_pages - File 230531_real_estate_data_zuerich_15_km_part_8.html written to ./realestate_scraping/data/
[32m2023-05-31 17:40:14 +0200[0m - dagster - [34mINFO[0m - __ASSET_JOB - d4d73014-d7a4-4c46-94f5-a9c53704ecea - download_pages - https://www.immoscout24.ch/en/real-estate/buy/city-zuerich?pn=9&r=15&map=1
[32m2023-05-31 17:40:16 +0200[0m - dagster - [34mINFO[0m - __ASSET_JOB - d4d73014-d7a4-4c46-94f5-a9c53704ecea - download_pages - File 230531_real_estate_data_zuerich_15_km_part_9.html written to ./realestate_scraping/data/
[32m2023-05-31 17:40:16 +0200[0m - dagster - [34mINFO[0m - __ASSET_JOB - d4d73014-d7a4-4c46-94f5-a9c53704ecea - download_pages - https://www.immoscout24.ch/en/real-estate/buy/city-zuerich?pn=10&r=15&map=1
[32m2023-05-31 17:40:20 +0200[0m - dagster - [34mINFO[0m - __ASSET_JOB - d4d73014-d7a4-4c46-94f5-a9c53704ecea - download_pages - File 230531_real_estate_data_zuerich_15_km_part_10.html written to ./realestate_scraping/data/
[32m2023-05-31 17:40:20 +0200[0m - dagster - [34mINFO[0m - __ASSET_JOB - d4d73014-d7a4-4c46-94f5-a9c53704ecea - download_pages - https://www.immoscout24.ch/en/real-estate/buy/city-zuerich?pn=11&r=15&map=1
[32m2023-05-31 17:40:24 +0200[0m - dagster - [34mINFO[0m - __ASSET_JOB - d4d73014-d7a4-4c46-94f5-a9c53704ecea - download_pages - File 230531_real_estate_data_zuerich_15_km_part_11.html written to ./realestate_scraping/data/
[32m2023-05-31 17:40:24 +0200[0m - dagster - [34mINFO[0m - __ASSET_JOB - d4d73014-d7a4-4c46-94f5-a9c53704ecea - download_pages - https://www.immoscout24.ch/en/real-estate/buy/city-zuerich?pn=12&r=15&map=1
[32m2023-05-31 17:40:26 +0200[0m - dagster - [34mINFO[0m - __ASSET_JOB - d4d73014-d7a4-4c46-94f5-a9c53704ecea - download_pages - File 230531_real_estate_data_zuerich_15_km_part_12.html written to ./realestate_scraping/data/
[32m2023-05-31 17:40:26 +0200[0m - dagster - [34mINFO[0m - __ASSET_JOB - d4d73014-d7a4-4c46-94f5-a9c53704ecea - download_pages - https://www.immoscout24.ch/en/real-estate/buy/city-zuerich?pn=13&r=15&map=1
[32m2023-05-31 17:40:30 +0200[0m - dagster - [34mINFO[0m - __ASSET_JOB - d4d73014-d7a4-4c46-94f5-a9c53704ecea - download_pages - File 230531_real_estate_data_zuerich_15_km_part_13.html written to ./realestate_scraping/data/
[32m2023-05-31 17:40:30 +0200[0m - dagster - [34mINFO[0m - __ASSET_JOB - d4d73014-d7a4-4c46-94f5-a9c53704ecea - download_pages - https://www.immoscout24.ch/en/real-estate/buy/city-zuerich?pn=14&r=15&map=1
[32m2023-05-31 17:40:33 +0200[0m - dagster - [34mINFO[0m - __ASSET_JOB - d4d73014-d7a4-4c46-94f5-a9c53704ecea - download_pages - File 230531_real_estate_data_zuerich_15_km_part_14.html written to ./realestate_scraping/data/
[32m2023-05-31 17:40:33 +0200[0m - dagster - [34mINFO[0m - __ASSET_JOB - d4d73014-d7a4-4c46-94f5-a9c53704ecea - download_pages - https://www.immoscout24.ch/en/real-estate/buy/city-zuerich?pn=15&r=15&map=1
[32m2023-05-31 17:40:36 +0200[0m - dagster - [34mINFO[0m - __ASSET_JOB - d4d73014-d7a4-4c46-94f5-a9c53704ecea - download_pages - File 230531_real_estate_data_zuerich_15_km_part_15.html written to ./realestate_scraping/data/
[32m2023-05-31 17:40:36 +0200[0m - dagster - [34mINFO[0m - __ASSET_JOB - d4d73014-d7a4-4c46-94f5-a9c53704ecea - download_pages - https://www.immoscout24.ch/en/real-estate/buy/city-zuerich?pn=16&r=15&map=1
[32m2023-05-31 17:40:39 +0200[0m - dagster - [34mINFO[0m - __ASSET_JOB - d4d73014-d7a4-4c46-94f5-a9c53704ecea - download_pages - File 230531_real_estate_data_zuerich_15_km_part_16.html written to ./realestate_scraping/data/
[32m2023-05-31 17:40:39 +0200[0m - dagster - [34mINFO[0m - __ASSET_JOB - d4d73014-d7a4-4c46-94f5-a9c53704ecea - download_pages - https://www.immoscout24.ch/en/real-estate/buy/city-zuerich?pn=17&r=15&map=1
[32m2023-05-31 17:40:42 +0200[0m - dagster - [34mINFO[0m - __ASSET_JOB - d4d73014-d7a4-4c46-94f5-a9c53704ecea - download_pages - File 230531_real_estate_data_zuerich_15_km_part_17.html written to ./realestate_scraping/data/
[32m2023-05-31 17:40:42 +0200[0m - dagster - [34mINFO[0m - __ASSET_JOB - d4d73014-d7a4-4c46-94f5-a9c53704ecea - download_pages - https://www.immoscout24.ch/en/real-estate/buy/city-zuerich?pn=18&r=15&map=1
[32m2023-05-31 17:40:45 +0200[0m - dagster - [34mINFO[0m - __ASSET_JOB - d4d73014-d7a4-4c46-94f5-a9c53704ecea - download_pages - File 230531_real_estate_data_zuerich_15_km_part_18.html written to ./realestate_scraping/data/
[32m2023-05-31 17:40:45 +0200[0m - dagster - [34mINFO[0m - __ASSET_JOB - d4d73014-d7a4-4c46-94f5-a9c53704ecea - download_pages - https://www.immoscout24.ch/en/real-estate/buy/city-zuerich?pn=19&r=15&map=1
[32m2023-05-31 17:40:48 +0200[0m - dagster - [34mINFO[0m - __ASSET_JOB - d4d73014-d7a4-4c46-94f5-a9c53704ecea - download_pages - File 230531_real_estate_data_zuerich_15_km_part_19.html written to ./realestate_scraping/data/
[32m2023-05-31 17:40:48 +0200[0m - dagster - [34mINFO[0m - __ASSET_JOB - d4d73014-d7a4-4c46-94f5-a9c53704ecea - download_pages - https://www.immoscout24.ch/en/real-estate/buy/city-zuerich?pn=20&r=15&map=1
[32m2023-05-31 17:40:51 +0200[0m - dagster - [34mINFO[0m - __ASSET_JOB - d4d73014-d7a4-4c46-94f5-a9c53704ecea - download_pages - File 230531_real_estate_data_zuerich_15_km_part_20.html written to ./realestate_scraping/data/
[32m2023-05-31 17:40:51 +0200[0m - dagster - [34mINFO[0m - __ASSET_JOB - d4d73014-d7a4-4c46-94f5-a9c53704ecea - download_pages - https://www.immoscout24.ch/en/real-estate/buy/city-zuerich?pn=21&r=15&map=1
[32m2023-05-31 17:40:55 +0200[0m - dagster - [34mINFO[0m - __ASSET_JOB - d4d73014-d7a4-4c46-94f5-a9c53704ecea - download_pages - File 230531_real_estate_data_zuerich_15_km_part_21.html written to ./realestate_scraping/data/
[32m2023-05-31 17:40:55 +0200[0m - dagster - [34mINFO[0m - __ASSET_JOB - d4d73014-d7a4-4c46-94f5-a9c53704ecea - download_pages - https://www.immoscout24.ch/en/real-estate/buy/city-zuerich?pn=22&r=15&map=1
[32m2023-05-31 17:40:59 +0200[0m - dagster - [34mINFO[0m - __ASSET_JOB - d4d73014-d7a4-4c46-94f5-a9c53704ecea - download_pages - File 230531_real_estate_data_zuerich_15_km_part_22.html written to ./realestate_scraping/data/
[32m2023-05-31 17:40:59 +0200[0m - dagster - [34mINFO[0m - __ASSET_JOB - d4d73014-d7a4-4c46-94f5-a9c53704ecea - download_pages - https://www.immoscout24.ch/en/real-estate/buy/city-zuerich?pn=23&r=15&map=1
[32m2023-05-31 17:41:03 +0200[0m - dagster - [34mINFO[0m - __ASSET_JOB - d4d73014-d7a4-4c46-94f5-a9c53704ecea - download_pages - File 230531_real_estate_data_zuerich_15_km_part_23.html written to ./realestate_scraping/data/
[32m2023-05-31 17:41:03 +0200[0m - dagster - [34mINFO[0m - __ASSET_JOB - d4d73014-d7a4-4c46-94f5-a9c53704ecea - download_pages - https://www.immoscout24.ch/en/real-estate/buy/city-zuerich?pn=24&r=15&map=1
[32m2023-05-31 17:41:07 +0200[0m - dagster - [34mINFO[0m - __ASSET_JOB - d4d73014-d7a4-4c46-94f5-a9c53704ecea - download_pages - File 230531_real_estate_data_zuerich_15_km_part_24.html written to ./realestate_scraping/data/
[32m2023-05-31 17:41:07 +0200[0m - dagster - [34mINFO[0m - __ASSET_JOB - d4d73014-d7a4-4c46-94f5-a9c53704ecea - download_pages - https://www.immoscout24.ch/en/real-estate/buy/city-zuerich?pn=25&r=15&map=1
[32m2023-05-31 17:41:11 +0200[0m - dagster - [34mINFO[0m - __ASSET_JOB - d4d73014-d7a4-4c46-94f5-a9c53704ecea - download_pages - File 230531_real_estate_data_zuerich_15_km_part_25.html written to ./realestate_scraping/data/
[32m2023-05-31 17:41:11 +0200[0m - dagster - [34mINFO[0m - __ASSET_JOB - d4d73014-d7a4-4c46-94f5-a9c53704ecea - download_pages - https://www.immoscout24.ch/en/real-estate/buy/city-zuerich?pn=26&r=15&map=1
[32m2023-05-31 17:41:14 +0200[0m - dagster - [34mINFO[0m - __ASSET_JOB - d4d73014-d7a4-4c46-94f5-a9c53704ecea - download_pages - File 230531_real_estate_data_zuerich_15_km_part_26.html written to ./realestate_scraping/data/
[32m2023-05-31 17:41:14 +0200[0m - dagster - [34mINFO[0m - __ASSET_JOB - d4d73014-d7a4-4c46-94f5-a9c53704ecea - download_pages - https://www.immoscout24.ch/en/real-estate/buy/city-zuerich?pn=27&r=15&map=1
[32m2023-05-31 17:41:17 +0200[0m - dagster - [34mINFO[0m - __ASSET_JOB - d4d73014-d7a4-4c46-94f5-a9c53704ecea - download_pages - File 230531_real_estate_data_zuerich_15_km_part_27.html written to ./realestate_scraping/data/
[32m2023-05-31 17:41:17 +0200[0m - dagster - [34mINFO[0m - __ASSET_JOB - d4d73014-d7a4-4c46-94f5-a9c53704ecea - download_pages - https://www.immoscout24.ch/en/real-estate/buy/city-zuerich?pn=28&r=15&map=1
[32m2023-05-31 17:41:23 +0200[0m - dagster - [34mINFO[0m - __ASSET_JOB - d4d73014-d7a4-4c46-94f5-a9c53704ecea - download_pages - File 230531_real_estate_data_zuerich_15_km_part_28.html written to ./realestate_scraping/data/
[32m2023-05-31 17:41:23 +0200[0m - dagster - [34mINFO[0m - __ASSET_JOB - d4d73014-d7a4-4c46-94f5-a9c53704ecea - download_pages - https://www.immoscout24.ch/en/real-estate/buy/city-zuerich?pn=29&r=15&map=1
[32m2023-05-31 17:41:26 +0200[0m - dagster - [34mINFO[0m - __ASSET_JOB - d4d73014-d7a4-4c46-94f5-a9c53704ecea - download_pages - File 230531_real_estate_data_zuerich_15_km_part_29.html written to ./realestate_scraping/data/
[32m2023-05-31 17:41:26 +0200[0m - dagster - [34mINFO[0m - __ASSET_JOB - d4d73014-d7a4-4c46-94f5-a9c53704ecea - download_pages - https://www.immoscout24.ch/en/real-estate/buy/city-zuerich?pn=30&r=15&map=1
[32m2023-05-31 17:41:30 +0200[0m - dagster - [34mINFO[0m - __ASSET_JOB - d4d73014-d7a4-4c46-94f5-a9c53704ecea - download_pages - File 230531_real_estate_data_zuerich_15_km_part_30.html written to ./realestate_scraping/data/
[32m2023-05-31 17:41:30 +0200[0m - dagster - [34mINFO[0m - __ASSET_JOB - d4d73014-d7a4-4c46-94f5-a9c53704ecea - download_pages - https://www.immoscout24.ch/en/real-estate/buy/city-zuerich?pn=31&r=15&map=1
[32m2023-05-31 17:41:33 +0200[0m - dagster - [34mINFO[0m - __ASSET_JOB - d4d73014-d7a4-4c46-94f5-a9c53704ecea - download_pages - File 230531_real_estate_data_zuerich_15_km_part_31.html written to ./realestate_scraping/data/
[32m2023-05-31 17:41:33 +0200[0m - dagster - [34mINFO[0m - __ASSET_JOB - d4d73014-d7a4-4c46-94f5-a9c53704ecea - download_pages - https://www.immoscout24.ch/en/real-estate/buy/city-zuerich?pn=32&r=15&map=1
[32m2023-05-31 17:41:36 +0200[0m - dagster - [34mINFO[0m - __ASSET_JOB - d4d73014-d7a4-4c46-94f5-a9c53704ecea - download_pages - File 230531_real_estate_data_zuerich_15_km_part_32.html written to ./realestate_scraping/data/
[32m2023-05-31 17:41:36 +0200[0m - dagster - [34mINFO[0m - __ASSET_JOB - d4d73014-d7a4-4c46-94f5-a9c53704ecea - download_pages - https://www.immoscout24.ch/en/real-estate/buy/city-zuerich?pn=33&r=15&map=1
[32m2023-05-31 17:41:39 +0200[0m - dagster - [34mINFO[0m - __ASSET_JOB - d4d73014-d7a4-4c46-94f5-a9c53704ecea - download_pages - File 230531_real_estate_data_zuerich_15_km_part_33.html written to ./realestate_scraping/data/
[32m2023-05-31 17:41:39 +0200[0m - dagster - [34mINFO[0m - __ASSET_JOB - d4d73014-d7a4-4c46-94f5-a9c53704ecea - download_pages - https://www.immoscout24.ch/en/real-estate/buy/city-zuerich?pn=34&r=15&map=1
[32m2023-05-31 17:41:42 +0200[0m - dagster - [34mINFO[0m - __ASSET_JOB - d4d73014-d7a4-4c46-94f5-a9c53704ecea - download_pages - File 230531_real_estate_data_zuerich_15_km_part_34.html written to ./realestate_scraping/data/
[32m2023-05-31 17:41:42 +0200[0m - dagster - [34mINFO[0m - __ASSET_JOB - d4d73014-d7a4-4c46-94f5-a9c53704ecea - download_pages - https://www.immoscout24.ch/en/real-estate/buy/city-zuerich?pn=35&r=15&map=1
[32m2023-05-31 17:41:45 +0200[0m - dagster - [34mINFO[0m - __ASSET_JOB - d4d73014-d7a4-4c46-94f5-a9c53704ecea - download_pages - File 230531_real_estate_data_zuerich_15_km_part_35.html written to ./realestate_scraping/data/
[32m2023-05-31 17:41:45 +0200[0m - dagster - [34mINFO[0m - __ASSET_JOB - d4d73014-d7a4-4c46-94f5-a9c53704ecea - download_pages - https://www.immoscout24.ch/en/real-estate/buy/city-zuerich?pn=36&r=15&map=1
[32m2023-05-31 17:41:52 +0200[0m - dagster - [34mINFO[0m - __ASSET_JOB - d4d73014-d7a4-4c46-94f5-a9c53704ecea - download_pages - File 230531_real_estate_data_zuerich_15_km_part_36.html written to ./realestate_scraping/data/
[32m2023-05-31 17:41:52 +0200[0m - dagster - [34mINFO[0m - __ASSET_JOB - d4d73014-d7a4-4c46-94f5-a9c53704ecea - download_pages - https://www.immoscout24.ch/en/real-estate/buy/city-zuerich?pn=37&r=15&map=1
[32m2023-05-31 17:41:55 +0200[0m - dagster - [34mINFO[0m - __ASSET_JOB - d4d73014-d7a4-4c46-94f5-a9c53704ecea - download_pages - File 230531_real_estate_data_zuerich_15_km_part_37.html written to ./realestate_scraping/data/
[32m2023-05-31 17:41:55 +0200[0m - dagster - [34mINFO[0m - __ASSET_JOB - d4d73014-d7a4-4c46-94f5-a9c53704ecea - download_pages - https://www.immoscout24.ch/en/real-estate/buy/city-zuerich?pn=38&r=15&map=1
[32m2023-05-31 17:42:03 +0200[0m - dagster - [34mINFO[0m - __ASSET_JOB - d4d73014-d7a4-4c46-94f5-a9c53704ecea - download_pages - File 230531_real_estate_data_zuerich_15_km_part_38.html written to ./realestate_scraping/data/
[32m2023-05-31 17:42:03 +0200[0m - dagster - [34mINFO[0m - __ASSET_JOB - d4d73014-d7a4-4c46-94f5-a9c53704ecea - download_pages - https://www.immoscout24.ch/en/real-estate/buy/city-zuerich?pn=39&r=15&map=1
[32m2023-05-31 17:42:06 +0200[0m - dagster - [34mINFO[0m - __ASSET_JOB - d4d73014-d7a4-4c46-94f5-a9c53704ecea - download_pages - File 230531_real_estate_data_zuerich_15_km_part_39.html written to ./realestate_scraping/data/
[32m2023-05-31 17:42:06 +0200[0m - dagster - [34mINFO[0m - __ASSET_JOB - d4d73014-d7a4-4c46-94f5-a9c53704ecea - download_pages - https://www.immoscout24.ch/en/real-estate/buy/city-zuerich?pn=40&r=15&map=1
[32m2023-05-31 17:42:10 +0200[0m - dagster - [34mINFO[0m - __ASSET_JOB - d4d73014-d7a4-4c46-94f5-a9c53704ecea - download_pages - File 230531_real_estate_data_zuerich_15_km_part_40.html written to ./realestate_scraping/data/
[32m2023-05-31 17:42:10 +0200[0m - dagster - [34mINFO[0m - __ASSET_JOB - d4d73014-d7a4-4c46-94f5-a9c53704ecea - download_pages - https://www.immoscout24.ch/en/real-estate/buy/city-zuerich?pn=41&r=15&map=1
[32m2023-05-31 17:42:14 +0200[0m - dagster - [34mINFO[0m - __ASSET_JOB - d4d73014-d7a4-4c46-94f5-a9c53704ecea - download_pages - File 230531_real_estate_data_zuerich_15_km_part_41.html written to ./realestate_scraping/data/
[32m2023-05-31 17:42:14 +0200[0m - dagster - [34mINFO[0m - __ASSET_JOB - d4d73014-d7a4-4c46-94f5-a9c53704ecea - download_pages - https://www.immoscout24.ch/en/real-estate/buy/city-zuerich?pn=42&r=15&map=1
[32m2023-05-31 17:42:17 +0200[0m - dagster - [34mINFO[0m - __ASSET_JOB - d4d73014-d7a4-4c46-94f5-a9c53704ecea - download_pages - File 230531_real_estate_data_zuerich_15_km_part_42.html written to ./realestate_scraping/data/
[32m2023-05-31 17:42:17 +0200[0m - dagster - [34mDEBUG[0m - __ASSET_JOB - d4d73014-d7a4-4c46-94f5-a9c53704ecea - 66774 - download_pages - STEP_OUTPUT - Yielded output "result" of type "Any". (Type check passed).
[32m2023-05-31 17:42:17 +0200[0m - dagster - [34mDEBUG[0m - __ASSET_JOB - d4d73014-d7a4-4c46-94f5-a9c53704ecea - download_pages - Writing file at: /Users/ctac/Desktop/Data Engineer /Projects/realestate_scraping_project/realestate-scraping/tmptzlrvrrr/storage/download_pages
[32m2023-05-31 17:42:17 +0200[0m - dagster - [34mDEBUG[0m - __ASSET_JOB - d4d73014-d7a4-4c46-94f5-a9c53704ecea - 66774 - download_pages - ASSET_MATERIALIZATION - Materialized value download_pages.
[32m2023-05-31 17:42:17 +0200[0m - dagster - [34mDEBUG[0m - __ASSET_JOB - d4d73014-d7a4-4c46-94f5-a9c53704ecea - 66774 - download_pages - HANDLED_OUTPUT - Handled output "result" using IO manager "io_manager"
[32m2023-05-31 17:42:17 +0200[0m - dagster - [34mDEBUG[0m - __ASSET_JOB - d4d73014-d7a4-4c46-94f5-a9c53704ecea - 66774 - download_pages - STEP_SUCCESS - Finished execution of step "download_pages" in 2m38s.
