[32m2023-04-30 15:28:13 +0200[0m - dagster - [34mDEBUG[0m - __ASSET_JOB - 40495a66-91c9-4c42-8e56-07b79e41f0a4 - 42704 - LOGS_CAPTURED - Started capturing logs in process (pid: 42704).
[32m2023-04-30 15:28:13 +0200[0m - dagster - [34mDEBUG[0m - __ASSET_JOB - 40495a66-91c9-4c42-8e56-07b79e41f0a4 - 42704 - json_to_flat_properties - STEP_START - Started execution of step "json_to_flat_properties".
Ivy Default Cache set to: /Users/ctac/.ivy2/cache
The jars for the packages stored in: /Users/ctac/.ivy2/jars
io.delta#delta-core_2.12 added as a dependency
org.apache.hadoop#hadoop-aws added as a dependency
:: resolving dependencies :: org.apache.spark#spark-submit-parent-d5c7d2b7-c3ec-407d-a7d6-b642a3d0fdd6;1.0
	confs: [default]
	found io.delta#delta-core_2.12;2.1.0 in central
	found io.delta#delta-storage;2.1.0 in central
	found org.antlr#antlr4-runtime;4.8 in central
	found org.codehaus.jackson#jackson-core-asl;1.9.13 in central
	found org.apache.hadoop#hadoop-aws;3.3.1 in central
	found com.amazonaws#aws-java-sdk-bundle;1.11.901 in central
	found org.wildfly.openssl#wildfly-openssl;1.0.7.Final in central
:: resolution report :: resolve 135ms :: artifacts dl 4ms
	:: modules in use:
	com.amazonaws#aws-java-sdk-bundle;1.11.901 from central in [default]
	io.delta#delta-core_2.12;2.1.0 from central in [default]
	io.delta#delta-storage;2.1.0 from central in [default]
	org.antlr#antlr4-runtime;4.8 from central in [default]
	org.apache.hadoop#hadoop-aws;3.3.1 from central in [default]
	org.codehaus.jackson#jackson-core-asl;1.9.13 from central in [default]
	org.wildfly.openssl#wildfly-openssl;1.0.7.Final from central in [default]
	---------------------------------------------------------------------
	|                  |            modules            ||   artifacts   |
	|       conf       | number| search|dwnlded|evicted|| number|dwnlded|
	---------------------------------------------------------------------
	|      default     |   7   |   0   |   0   |   0   ||   7   |   0   |
	---------------------------------------------------------------------
:: retrieving :: org.apache.spark#spark-submit-parent-d5c7d2b7-c3ec-407d-a7d6-b642a3d0fdd6
	confs: [default]
	0 artifacts copied, 7 already retrieved (0kB/4ms)
Setting default log level to "WARN".
To adjust logging level use sc.setLogLevel(newLevel). For SparkR, use setLogLevel(newLevel).
[32m2023-04-30 15:28:17 +0200[0m - dagster - [34mERROR[0m - [31m__ASSET_JOB - 40495a66-91c9-4c42-8e56-07b79e41f0a4 - 42704 - json_to_flat_properties - STEP_FAILURE - Execution of step "json_to_flat_properties" failed.

dagster._core.errors.DagsterExecutionStepExecutionError: Error occurred while executing op "json_to_flat_properties"::

AttributeError: 'SparkSession' object has no attribute '_read_json_properties'

Stack Trace:
  File "/Users/ctac/Desktop/Data Engineer /Projects/realestate_scraping_project/env/lib/python3.11/site-packages/dagster/_core/execution/plan/utils.py", line 54, in op_execution_error_boundary
    yield
  File "/Users/ctac/Desktop/Data Engineer /Projects/realestate_scraping_project/env/lib/python3.11/site-packages/dagster/_utils/__init__.py", line 443, in iterate_with_context
    next_output = next(iterator)
                  ^^^^^^^^^^^^^^
  File "/Users/ctac/Desktop/Data Engineer /Projects/realestate_scraping_project/env/lib/python3.11/site-packages/dagster/_core/execution/plan/compute_generator.py", line 124, in _coerce_solid_compute_fn_to_iterator
    result = invoke_compute_fn(
             ^^^^^^^^^^^^^^^^^^
  File "/Users/ctac/Desktop/Data Engineer /Projects/realestate_scraping_project/env/lib/python3.11/site-packages/dagster/_core/execution/plan/compute_generator.py", line 118, in invoke_compute_fn
    return fn(context, **args_to_pass) if context_arg_provided else fn(**args_to_pass)
           ^^^^^^^^^^^^^^^^^^^^^^^^^^^
  File "/Users/ctac/Desktop/Data Engineer /Projects/realestate_scraping_project/realestate-scraping/realestate_scraping/assets/core/realestate_scraping.py", line 171, in json_to_flat_properties
    df = spark_session._read_json_properties(f"s3a://{BUCKET_RAW}/5659897_230414_zuerich_10km.gz")
         ^^^^^^^^^^^^^^^^^^^^^^^^^^^^^^^^^^^
[0m
