[32m2023-05-31 17:30:50 +0200[0m - dagster - [34mDEBUG[0m - __ASSET_JOB - ddc235c3-ad53-46f9-a74d-0af4d741eb73 - 66180 - LOGS_CAPTURED - Started capturing logs in process (pid: 66180).
[32m2023-05-31 17:30:50 +0200[0m - dagster - [34mDEBUG[0m - __ASSET_JOB - ddc235c3-ad53-46f9-a74d-0af4d741eb73 - 66180 - filter_for_new_properties - STEP_START - Started execution of step "filter_for_new_properties".
[32m2023-05-31 17:30:50 +0200[0m - dagster - [34mDEBUG[0m - __ASSET_JOB - ddc235c3-ad53-46f9-a74d-0af4d741eb73 - filter_for_new_properties - Loading file from: /Users/ctac/Desktop/Data Engineer /Projects/realestate_scraping_project/realestate-scraping/tmptzlrvrrr/storage/scrape_pages
[32m2023-05-31 17:30:50 +0200[0m - dagster - [34mDEBUG[0m - __ASSET_JOB - ddc235c3-ad53-46f9-a74d-0af4d741eb73 - 66180 - filter_for_new_properties - ASSET_OBSERVATION - DagsterEventType.ASSET_OBSERVATION for step filter_for_new_properties
[32m2023-05-31 17:30:50 +0200[0m - dagster - [34mDEBUG[0m - __ASSET_JOB - ddc235c3-ad53-46f9-a74d-0af4d741eb73 - 66180 - filter_for_new_properties - LOADED_INPUT - Loaded input "scrape_pages" using input manager "io_manager"
[32m2023-05-31 17:30:50 +0200[0m - dagster - [34mDEBUG[0m - __ASSET_JOB - ddc235c3-ad53-46f9-a74d-0af4d741eb73 - 66180 - filter_for_new_properties - STEP_INPUT - Got input "scrape_pages" of type "Any". (Type check passed).
Ivy Default Cache set to: /Users/ctac/.ivy2/cache
The jars for the packages stored in: /Users/ctac/.ivy2/jars
io.delta#delta-core_2.12 added as a dependency
org.apache.hadoop#hadoop-aws added as a dependency
:: resolving dependencies :: org.apache.spark#spark-submit-parent-b012b491-135c-4a24-b884-9dbd7ea6b33b;1.0
	confs: [default]
	found io.delta#delta-core_2.12;2.1.0 in central
	found io.delta#delta-storage;2.1.0 in central
	found org.antlr#antlr4-runtime;4.8 in central
	found org.codehaus.jackson#jackson-core-asl;1.9.13 in central
	found org.apache.hadoop#hadoop-aws;3.3.2 in central
	found com.amazonaws#aws-java-sdk-bundle;1.11.1026 in central
	found org.wildfly.openssl#wildfly-openssl;1.0.7.Final in central
:: resolution report :: resolve 128ms :: artifacts dl 5ms
	:: modules in use:
	com.amazonaws#aws-java-sdk-bundle;1.11.1026 from central in [default]
	io.delta#delta-core_2.12;2.1.0 from central in [default]
	io.delta#delta-storage;2.1.0 from central in [default]
	org.antlr#antlr4-runtime;4.8 from central in [default]
	org.apache.hadoop#hadoop-aws;3.3.2 from central in [default]
	org.codehaus.jackson#jackson-core-asl;1.9.13 from central in [default]
	org.wildfly.openssl#wildfly-openssl;1.0.7.Final from central in [default]
	---------------------------------------------------------------------
	|                  |            modules            ||   artifacts   |
	|       conf       | number| search|dwnlded|evicted|| number|dwnlded|
	---------------------------------------------------------------------
	|      default     |   7   |   0   |   0   |   0   ||   7   |   0   |
	---------------------------------------------------------------------
:: retrieving :: org.apache.spark#spark-submit-parent-b012b491-135c-4a24-b884-9dbd7ea6b33b
	confs: [default]
	0 artifacts copied, 7 already retrieved (0kB/3ms)
Setting default log level to "WARN".
To adjust logging level use sc.setLogLevel(newLevel). For SparkR, use setLogLevel(newLevel).
[Stage 2:============>                                            (11 + 8) / 50][Stage 2:===================================>                     (31 + 8) / 50]                                                                                [Stage 8:>                                                          (0 + 8) / 8]                                                                                [32m2023-05-31 17:31:02 +0200[0m - dagster - [34mERROR[0m - [31m__ASSET_JOB - ddc235c3-ad53-46f9-a74d-0af4d741eb73 - 66180 - filter_for_new_properties - STEP_FAILURE - Execution of step "filter_for_new_properties" failed.

dagster._core.errors.DagsterExecutionStepExecutionError: Error occurred while executing op "filter_for_new_properties"::

AttributeError: 'OpExecutionContext' object has no attribute 'lof'

Stack Trace:
  File "/Users/ctac/Desktop/Data Engineer /Projects/realestate_scraping_project/env/lib/python3.11/site-packages/dagster/_core/execution/plan/utils.py", line 54, in op_execution_error_boundary
    yield
  File "/Users/ctac/Desktop/Data Engineer /Projects/realestate_scraping_project/env/lib/python3.11/site-packages/dagster/_utils/__init__.py", line 443, in iterate_with_context
    next_output = next(iterator)
                  ^^^^^^^^^^^^^^
  File "/Users/ctac/Desktop/Data Engineer /Projects/realestate_scraping_project/env/lib/python3.11/site-packages/dagster/_core/execution/plan/compute_generator.py", line 124, in _coerce_solid_compute_fn_to_iterator
    result = invoke_compute_fn(
             ^^^^^^^^^^^^^^^^^^
  File "/Users/ctac/Desktop/Data Engineer /Projects/realestate_scraping_project/env/lib/python3.11/site-packages/dagster/_core/execution/plan/compute_generator.py", line 118, in invoke_compute_fn
    return fn(context, **args_to_pass) if context_arg_provided else fn(**args_to_pass)
           ^^^^^^^^^^^^^^^^^^^^^^^^^^^
  File "/Users/ctac/Desktop/Data Engineer /Projects/realestate_scraping_project/realestate-scraping/realestate_scraping/assets/core/realestate_scraping.py", line 152, in filter_for_new_properties
    context.lof.info(pd_changed_properties.count())
    ^^^^^^^^^^^
[0m
