[32m2023-05-31 14:44:28 +0200[0m - dagster - [34mDEBUG[0m - __ASSET_JOB - dbaf4aae-861a-45ed-8784-ef77dd743b91 - 59029 - LOGS_CAPTURED - Started capturing logs in process (pid: 59029).
[32m2023-05-31 14:44:28 +0200[0m - dagster - [34mDEBUG[0m - __ASSET_JOB - dbaf4aae-861a-45ed-8784-ef77dd743b91 - 59029 - scrape_pages - STEP_START - Started execution of step "scrape_pages".
[32m2023-05-31 14:44:28 +0200[0m - dagster - [34mDEBUG[0m - __ASSET_JOB - dbaf4aae-861a-45ed-8784-ef77dd743b91 - scrape_pages - Loading file from: /Users/ctac/Desktop/Data Engineer /Projects/realestate_scraping_project/realestate-scraping/tmpru10zrl_/storage/download_pages
[32m2023-05-31 14:44:28 +0200[0m - dagster - [34mDEBUG[0m - __ASSET_JOB - dbaf4aae-861a-45ed-8784-ef77dd743b91 - 59029 - scrape_pages - ASSET_OBSERVATION - DagsterEventType.ASSET_OBSERVATION for step scrape_pages
[32m2023-05-31 14:44:28 +0200[0m - dagster - [34mDEBUG[0m - __ASSET_JOB - dbaf4aae-861a-45ed-8784-ef77dd743b91 - 59029 - scrape_pages - LOADED_INPUT - Loaded input "download_pages" using input manager "io_manager"
[32m2023-05-31 14:44:28 +0200[0m - dagster - [34mDEBUG[0m - __ASSET_JOB - dbaf4aae-861a-45ed-8784-ef77dd743b91 - 59029 - scrape_pages - STEP_INPUT - Got input "download_pages" of type "Any". (Type check passed).
[32m2023-05-31 14:44:28 +0200[0m - dagster - [34mERROR[0m - [31m__ASSET_JOB - dbaf4aae-861a-45ed-8784-ef77dd743b91 - 59029 - scrape_pages - STEP_FAILURE - Execution of step "scrape_pages" failed.

dagster._core.errors.DagsterExecutionStepExecutionError: Error occurred while executing op "scrape_pages"::

TypeError: 'NoneType' object is not iterable

Stack Trace:
  File "/Users/ctac/Desktop/Data Engineer /Projects/realestate_scraping_project/env/lib/python3.11/site-packages/dagster/_core/execution/plan/utils.py", line 54, in op_execution_error_boundary
    yield
  File "/Users/ctac/Desktop/Data Engineer /Projects/realestate_scraping_project/env/lib/python3.11/site-packages/dagster/_utils/__init__.py", line 443, in iterate_with_context
    next_output = next(iterator)
                  ^^^^^^^^^^^^^^
  File "/Users/ctac/Desktop/Data Engineer /Projects/realestate_scraping_project/env/lib/python3.11/site-packages/dagster/_core/execution/plan/compute_generator.py", line 124, in _coerce_solid_compute_fn_to_iterator
    result = invoke_compute_fn(
             ^^^^^^^^^^^^^^^^^^
  File "/Users/ctac/Desktop/Data Engineer /Projects/realestate_scraping_project/env/lib/python3.11/site-packages/dagster/_core/execution/plan/compute_generator.py", line 118, in invoke_compute_fn
    return fn(context, **args_to_pass) if context_arg_provided else fn(**args_to_pass)
           ^^^^^^^^^^^^^^^^^^^^^^^^^^^
  File "/Users/ctac/Desktop/Data Engineer /Projects/realestate_scraping_project/realestate-scraping/realestate_scraping/assets/core/realestate_scraping.py", line 70, in scrape_pages
    for cnt, page in enumerate(pages_to_scrap):
                     ^^^^^^^^^^^^^^^^^^^^^^^^^
[0m
