[32m2023-04-21 13:20:10 +0200[0m - dagster - [34mDEBUG[0m - __ASSET_JOB - 25c3e619-26b6-4bbc-b398-ce777ba79b6f - 56837 - LOGS_CAPTURED - Started capturing logs in process (pid: 56837).
[32m2023-04-21 13:20:10 +0200[0m - dagster - [34mDEBUG[0m - __ASSET_JOB - 25c3e619-26b6-4bbc-b398-ce777ba79b6f - 56837 - download_pages - STEP_START - Started execution of step "download_pages".
[32m2023-04-21 13:20:10 +0200[0m - dagster - [34mDEBUG[0m - __ASSET_JOB - 25c3e619-26b6-4bbc-b398-ce777ba79b6f - download_pages - Loading file from: /Users/ctac/Desktop/Data Engineer /Projects/realestate_scraping_project/realestate-scraping/tmpn58e0i86/storage/get_last_page_number
[32m2023-04-21 13:20:10 +0200[0m - dagster - [34mDEBUG[0m - __ASSET_JOB - 25c3e619-26b6-4bbc-b398-ce777ba79b6f - 56837 - download_pages - ASSET_OBSERVATION - DagsterEventType.ASSET_OBSERVATION for step download_pages
[32m2023-04-21 13:20:10 +0200[0m - dagster - [34mDEBUG[0m - __ASSET_JOB - 25c3e619-26b6-4bbc-b398-ce777ba79b6f - 56837 - download_pages - LOADED_INPUT - Loaded input "get_last_page_number" using input manager "io_manager"
[32m2023-04-21 13:20:10 +0200[0m - dagster - [34mDEBUG[0m - __ASSET_JOB - 25c3e619-26b6-4bbc-b398-ce777ba79b6f - 56837 - download_pages - STEP_INPUT - Got input "get_last_page_number" of type "Any". (Type check passed).
[32m2023-04-21 13:20:10 +0200[0m - dagster - [34mINFO[0m - __ASSET_JOB - 25c3e619-26b6-4bbc-b398-ce777ba79b6f - download_pages - https://www.immoscout24.ch/en/real-estate/buy/city-zuerich?pn=1&r=1&map=1
[32m2023-04-21 13:20:13 +0200[0m - dagster - [34mERROR[0m - [31m__ASSET_JOB - 25c3e619-26b6-4bbc-b398-ce777ba79b6f - 56837 - download_pages - STEP_FAILURE - Execution of step "download_pages" failed.

dagster._core.errors.DagsterExecutionStepExecutionError: Error occurred while executing op "download_pages"::

FileNotFoundError: [Errno 2] No such file or directory: './data/230421_real_estate_data_zuerich_1_km_part_1.html'

Stack Trace:
  File "/Users/ctac/Desktop/Data Engineer /Projects/realestate_scraping_project/env/lib/python3.11/site-packages/dagster/_core/execution/plan/utils.py", line 54, in op_execution_error_boundary
    yield
  File "/Users/ctac/Desktop/Data Engineer /Projects/realestate_scraping_project/env/lib/python3.11/site-packages/dagster/_utils/__init__.py", line 443, in iterate_with_context
    next_output = next(iterator)
                  ^^^^^^^^^^^^^^
  File "/Users/ctac/Desktop/Data Engineer /Projects/realestate_scraping_project/env/lib/python3.11/site-packages/dagster/_core/execution/plan/compute_generator.py", line 124, in _coerce_solid_compute_fn_to_iterator
    result = invoke_compute_fn(
             ^^^^^^^^^^^^^^^^^^
  File "/Users/ctac/Desktop/Data Engineer /Projects/realestate_scraping_project/env/lib/python3.11/site-packages/dagster/_core/execution/plan/compute_generator.py", line 118, in invoke_compute_fn
    return fn(context, **args_to_pass) if context_arg_provided else fn(**args_to_pass)
           ^^^^^^^^^^^^^^^^^^^^^^^^^^^
  File "/Users/ctac/Desktop/Data Engineer /Projects/realestate_scraping_project/realestate-scraping/realestate_scraping/assets/core/realestate_scraping.py", line 66, in download_pages
    with open(LOCAL_PATH + filename, "w") as f:
         ^^^^^^^^^^^^^^^^^^^^^^^^^^^^^^^^
[0m
