[32m2023-06-01 15:15:35 +0200[0m - dagster - [34mDEBUG[0m - __ASSET_JOB - 25c3a441-78ef-4ce8-ae87-a13a95bce0c1 - 79621 - LOGS_CAPTURED - Started capturing logs in process (pid: 79621).
[32m2023-06-01 15:15:35 +0200[0m - dagster - [34mDEBUG[0m - __ASSET_JOB - 25c3a441-78ef-4ce8-ae87-a13a95bce0c1 - 79621 - cache_properties - STEP_START - Started execution of step "cache_properties".
[32m2023-06-01 15:15:35 +0200[0m - dagster - [34mDEBUG[0m - __ASSET_JOB - 25c3a441-78ef-4ce8-ae87-a13a95bce0c1 - cache_properties - Loading file from: /Users/ctac/Desktop/Data Engineer /Projects/realestate_scraping_project/realestate-scraping/tmpaxgkad7t/storage/get_new_or_changed_props
[32m2023-06-01 15:15:35 +0200[0m - dagster - [34mDEBUG[0m - __ASSET_JOB - 25c3a441-78ef-4ce8-ae87-a13a95bce0c1 - 79621 - cache_properties - ASSET_OBSERVATION - DagsterEventType.ASSET_OBSERVATION for step cache_properties
[32m2023-06-01 15:15:35 +0200[0m - dagster - [34mDEBUG[0m - __ASSET_JOB - 25c3a441-78ef-4ce8-ae87-a13a95bce0c1 - 79621 - cache_properties - LOADED_INPUT - Loaded input "get_new_or_changed_props" using input manager "io_manager"
[32m2023-06-01 15:15:35 +0200[0m - dagster - [34mDEBUG[0m - __ASSET_JOB - 25c3a441-78ef-4ce8-ae87-a13a95bce0c1 - 79621 - cache_properties - STEP_INPUT - Got input "get_new_or_changed_props" of type "Any". (Type check passed).
[32m2023-06-01 15:15:35 +0200[0m - dagster - [34mERROR[0m - [31m__ASSET_JOB - 25c3a441-78ef-4ce8-ae87-a13a95bce0c1 - 79621 - cache_properties - STEP_FAILURE - Execution of step "cache_properties" failed.

dagster._core.errors.DagsterExecutionStepExecutionError: Error occurred while executing op "cache_properties"::

TypeError: object of type 'NoneType' has no len()

Stack Trace:
  File "/Users/ctac/Desktop/Data Engineer /Projects/realestate_scraping_project/env/lib/python3.11/site-packages/dagster/_core/execution/plan/utils.py", line 54, in op_execution_error_boundary
    yield
  File "/Users/ctac/Desktop/Data Engineer /Projects/realestate_scraping_project/env/lib/python3.11/site-packages/dagster/_utils/__init__.py", line 443, in iterate_with_context
    next_output = next(iterator)
                  ^^^^^^^^^^^^^^
  File "/Users/ctac/Desktop/Data Engineer /Projects/realestate_scraping_project/env/lib/python3.11/site-packages/dagster/_core/execution/plan/compute_generator.py", line 124, in _coerce_solid_compute_fn_to_iterator
    result = invoke_compute_fn(
             ^^^^^^^^^^^^^^^^^^
  File "/Users/ctac/Desktop/Data Engineer /Projects/realestate_scraping_project/env/lib/python3.11/site-packages/dagster/_core/execution/plan/compute_generator.py", line 118, in invoke_compute_fn
    return fn(context, **args_to_pass) if context_arg_provided else fn(**args_to_pass)
           ^^^^^^^^^^^^^^^^^^^^^^^^^^^
  File "/Users/ctac/Desktop/Data Engineer /Projects/realestate_scraping_project/realestate-scraping/realestate_scraping/assets/core/realestate_scraping.py", line 170, in cache_properties
    tot_len = len(get_new_or_changed_props)
              ^^^^^^^^^^^^^^^^^^^^^^^^^^^^^
[0m
