[32m2023-04-25 20:31:57 +0200[0m - dagster - [34mDEBUG[0m - __ASSET_JOB - 1a02c46c-74f7-4b58-9693-02ca482fb727 - 24574 - LOGS_CAPTURED - Started capturing logs in process (pid: 24574).
[32m2023-04-25 20:31:57 +0200[0m - dagster - [34mDEBUG[0m - __ASSET_JOB - 1a02c46c-74f7-4b58-9693-02ca482fb727 - 24574 - create_delta_table - STEP_START - Started execution of step "create_delta_table".
Ivy Default Cache set to: /Users/ctac/.ivy2/cache
The jars for the packages stored in: /Users/ctac/.ivy2/jars
io.delta#delta-core_2.12 added as a dependency
:: resolving dependencies :: org.apache.spark#spark-submit-parent-817e9154-9235-49ab-8bf7-64d6687f084b;1.0
	confs: [default]
	found io.delta#delta-core_2.12;2.1.0 in central
	found io.delta#delta-storage;2.1.0 in central
	found org.antlr#antlr4-runtime;4.8 in central
	found org.codehaus.jackson#jackson-core-asl;1.9.13 in central
:: resolution report :: resolve 99ms :: artifacts dl 3ms
	:: modules in use:
	io.delta#delta-core_2.12;2.1.0 from central in [default]
	io.delta#delta-storage;2.1.0 from central in [default]
	org.antlr#antlr4-runtime;4.8 from central in [default]
	org.codehaus.jackson#jackson-core-asl;1.9.13 from central in [default]
	---------------------------------------------------------------------
	|                  |            modules            ||   artifacts   |
	|       conf       | number| search|dwnlded|evicted|| number|dwnlded|
	---------------------------------------------------------------------
	|      default     |   4   |   0   |   0   |   0   ||   4   |   0   |
	---------------------------------------------------------------------
:: retrieving :: org.apache.spark#spark-submit-parent-817e9154-9235-49ab-8bf7-64d6687f084b
	confs: [default]
	0 artifacts copied, 4 already retrieved (0kB/3ms)
Setting default log level to "WARN".
To adjust logging level use sc.setLogLevel(newLevel). For SparkR, use setLogLevel(newLevel).
[Stage 2:=========>                                                (8 + 8) / 50][Stage 2:============================>                            (25 + 8) / 50][Stage 2:=================================================>       (43 + 7) / 50]                                                                                [32m2023-04-25 20:32:05 +0200[0m - dagster - [34mINFO[0m - __ASSET_JOB - 1a02c46c-74f7-4b58-9693-02ca482fb727 - create_delta_table - Row(id='405151', data_inversa='2022-01-01', dia_semana='sábado', horario='01:35:00', uf='PI', br='316')
[32m2023-04-25 20:32:05 +0200[0m - dagster - [34mDEBUG[0m - __ASSET_JOB - 1a02c46c-74f7-4b58-9693-02ca482fb727 - 24574 - create_delta_table - STEP_OUTPUT - Yielded output "result" of type "Any". (Type check passed).
[32m2023-04-25 20:32:05 +0200[0m - dagster - [34mDEBUG[0m - __ASSET_JOB - 1a02c46c-74f7-4b58-9693-02ca482fb727 - create_delta_table - Writing file at: /Users/ctac/Desktop/Data Engineer /Projects/realestate_scraping_project/realestate-scraping/tmpqzzz5m68/storage/create_delta_table
[32m2023-04-25 20:32:05 +0200[0m - dagster - [34mDEBUG[0m - __ASSET_JOB - 1a02c46c-74f7-4b58-9693-02ca482fb727 - 24574 - create_delta_table - ASSET_MATERIALIZATION - Materialized value create_delta_table.
[32m2023-04-25 20:32:05 +0200[0m - dagster - [34mDEBUG[0m - __ASSET_JOB - 1a02c46c-74f7-4b58-9693-02ca482fb727 - 24574 - create_delta_table - HANDLED_OUTPUT - Handled output "result" using IO manager "io_manager"
[32m2023-04-25 20:32:05 +0200[0m - dagster - [34mDEBUG[0m - __ASSET_JOB - 1a02c46c-74f7-4b58-9693-02ca482fb727 - 24574 - create_delta_table - STEP_SUCCESS - Finished execution of step "create_delta_table" in 8.84s.
