[32m2023-06-01 16:06:50 +0200[0m - dagster - [34mDEBUG[0m - __ASSET_JOB - 35892648-51f4-42d3-a1f6-ed03f0ee2149 - 81848 - LOGS_CAPTURED - Started capturing logs in process (pid: 81848).
[32m2023-06-01 16:06:50 +0200[0m - dagster - [34mDEBUG[0m - __ASSET_JOB - 35892648-51f4-42d3-a1f6-ed03f0ee2149 - 81848 - upload_to_s3 - STEP_START - Started execution of step "upload_to_s3".
[32m2023-06-01 16:06:50 +0200[0m - dagster - [34mDEBUG[0m - __ASSET_JOB - 35892648-51f4-42d3-a1f6-ed03f0ee2149 - upload_to_s3 - Loading file from: /Users/ctac/Desktop/Data Engineer /Projects/realestate_scraping_project/realestate-scraping/tmpaxgkad7t/storage/cache_properties
[32m2023-06-01 16:06:50 +0200[0m - dagster - [34mDEBUG[0m - __ASSET_JOB - 35892648-51f4-42d3-a1f6-ed03f0ee2149 - 81848 - upload_to_s3 - ASSET_OBSERVATION - DagsterEventType.ASSET_OBSERVATION for step upload_to_s3
[32m2023-06-01 16:06:50 +0200[0m - dagster - [34mDEBUG[0m - __ASSET_JOB - 35892648-51f4-42d3-a1f6-ed03f0ee2149 - 81848 - upload_to_s3 - LOADED_INPUT - Loaded input "cache_properties" using input manager "io_manager"
[32m2023-06-01 16:06:50 +0200[0m - dagster - [34mDEBUG[0m - __ASSET_JOB - 35892648-51f4-42d3-a1f6-ed03f0ee2149 - 81848 - upload_to_s3 - STEP_INPUT - Got input "cache_properties" of type "Any". (Type check passed).
[32m2023-06-01 16:06:50 +0200[0m - dagster - [34mINFO[0m - __ASSET_JOB - 35892648-51f4-42d3-a1f6-ed03f0ee2149 - upload_to_s3 - File ./realestate_scraping/data/out/7686027_230601_meilen_1km.gz uploaded to 'raw' bucket
[32m2023-06-01 16:06:50 +0200[0m - dagster - [34mINFO[0m - __ASSET_JOB - 35892648-51f4-42d3-a1f6-ed03f0ee2149 - upload_to_s3 - File ./realestate_scraping/data/out/7474608_230601_meilen_1km.gz uploaded to 'raw' bucket
[32m2023-06-01 16:06:50 +0200[0m - dagster - [34mINFO[0m - __ASSET_JOB - 35892648-51f4-42d3-a1f6-ed03f0ee2149 - upload_to_s3 - File ./realestate_scraping/data/out/7636004_230601_meilen_1km.gz uploaded to 'raw' bucket
[32m2023-06-01 16:06:50 +0200[0m - dagster - [34mINFO[0m - __ASSET_JOB - 35892648-51f4-42d3-a1f6-ed03f0ee2149 - upload_to_s3 - File ./realestate_scraping/data/out/7628818_230601_meilen_1km.gz uploaded to 'raw' bucket
[32m2023-06-01 16:06:50 +0200[0m - dagster - [34mINFO[0m - __ASSET_JOB - 35892648-51f4-42d3-a1f6-ed03f0ee2149 - upload_to_s3 - File ./realestate_scraping/data/out/7621229_230601_meilen_1km.gz uploaded to 'raw' bucket
[32m2023-06-01 16:06:50 +0200[0m - dagster - [34mINFO[0m - __ASSET_JOB - 35892648-51f4-42d3-a1f6-ed03f0ee2149 - upload_to_s3 - File ./realestate_scraping/data/out/7551503_230601_meilen_1km.gz uploaded to 'raw' bucket
[32m2023-06-01 16:06:50 +0200[0m - dagster - [34mINFO[0m - __ASSET_JOB - 35892648-51f4-42d3-a1f6-ed03f0ee2149 - upload_to_s3 - File ./realestate_scraping/data/out/7675115_230601_meilen_1km.gz uploaded to 'raw' bucket
[32m2023-06-01 16:06:50 +0200[0m - dagster - [34mINFO[0m - __ASSET_JOB - 35892648-51f4-42d3-a1f6-ed03f0ee2149 - upload_to_s3 - File ./realestate_scraping/data/out/7225613_230601_meilen_1km.gz uploaded to 'raw' bucket
[32m2023-06-01 16:06:50 +0200[0m - dagster - [34mINFO[0m - __ASSET_JOB - 35892648-51f4-42d3-a1f6-ed03f0ee2149 - upload_to_s3 - File ./realestate_scraping/data/out/7598017_230601_meilen_1km.gz uploaded to 'raw' bucket
[32m2023-06-01 16:06:50 +0200[0m - dagster - [34mINFO[0m - __ASSET_JOB - 35892648-51f4-42d3-a1f6-ed03f0ee2149 - upload_to_s3 - File ./realestate_scraping/data/out/7577483_230601_meilen_1km.gz uploaded to 'raw' bucket
[32m2023-06-01 16:06:50 +0200[0m - dagster - [34mDEBUG[0m - __ASSET_JOB - 35892648-51f4-42d3-a1f6-ed03f0ee2149 - 81848 - upload_to_s3 - STEP_OUTPUT - Yielded output "result" of type "Any". (Type check passed).
[32m2023-06-01 16:06:50 +0200[0m - dagster - [34mDEBUG[0m - __ASSET_JOB - 35892648-51f4-42d3-a1f6-ed03f0ee2149 - upload_to_s3 - Writing file at: /Users/ctac/Desktop/Data Engineer /Projects/realestate_scraping_project/realestate-scraping/tmpaxgkad7t/storage/upload_to_s3
[32m2023-06-01 16:06:50 +0200[0m - dagster - [34mDEBUG[0m - __ASSET_JOB - 35892648-51f4-42d3-a1f6-ed03f0ee2149 - 81848 - upload_to_s3 - ASSET_MATERIALIZATION - Materialized value upload_to_s3.
[32m2023-06-01 16:06:50 +0200[0m - dagster - [34mDEBUG[0m - __ASSET_JOB - 35892648-51f4-42d3-a1f6-ed03f0ee2149 - 81848 - upload_to_s3 - HANDLED_OUTPUT - Handled output "result" using IO manager "io_manager"
[32m2023-06-01 16:06:50 +0200[0m - dagster - [34mDEBUG[0m - __ASSET_JOB - 35892648-51f4-42d3-a1f6-ed03f0ee2149 - 81848 - upload_to_s3 - STEP_SUCCESS - Finished execution of step "upload_to_s3" in 91ms.
