[32m2023-05-31 14:36:25 +0200[0m - dagster - [34mDEBUG[0m - __ASSET_JOB - 334954bf-4558-4891-b0c9-a5723a994bfb - 58533 - LOGS_CAPTURED - Started capturing logs in process (pid: 58533).
[32m2023-05-31 14:36:25 +0200[0m - dagster - [34mDEBUG[0m - __ASSET_JOB - 334954bf-4558-4891-b0c9-a5723a994bfb - 58533 - download_pages - STEP_START - Started execution of step "download_pages".
[WDM] - Downloading:   0%|          | 0.00/8.06M [00:00<?, ?B/s][WDM] - Downloading:  31%|â–ˆâ–ˆâ–ˆâ–      | 2.52M/8.06M [00:00<00:00, 26.2MB/s][WDM] - Downloading:  80%|â–ˆâ–ˆâ–ˆâ–ˆâ–ˆâ–ˆâ–ˆâ–ˆ  | 6.46M/8.06M [00:00<00:00, 34.9MB/s][WDM] - Downloading: 100%|â–ˆâ–ˆâ–ˆâ–ˆâ–ˆâ–ˆâ–ˆâ–ˆâ–ˆâ–ˆ| 8.06M/8.06M [00:00<00:00, 35.6MB/s]
[32m2023-05-31 14:36:29 +0200[0m - dagster - [34mINFO[0m - __ASSET_JOB - 334954bf-4558-4891-b0c9-a5723a994bfb - download_pages - https://www.immoscout24.ch/en/real-estate/buy/city-zuerich?pn=1&r=1&map=1
[32m2023-05-31 14:36:33 +0200[0m - dagster - [34mINFO[0m - __ASSET_JOB - 334954bf-4558-4891-b0c9-a5723a994bfb - download_pages - File 230531_real_estate_data_zuerich_1_km_part_1.html written to ./realestate_scraping/data/
[32m2023-05-31 14:36:33 +0200[0m - dagster - [34mINFO[0m - __ASSET_JOB - 334954bf-4558-4891-b0c9-a5723a994bfb - download_pages - https://www.immoscout24.ch/en/real-estate/buy/city-zuerich?pn=2&r=1&map=1
[32m2023-05-31 14:36:37 +0200[0m - dagster - [34mINFO[0m - __ASSET_JOB - 334954bf-4558-4891-b0c9-a5723a994bfb - download_pages - File 230531_real_estate_data_zuerich_1_km_part_2.html written to ./realestate_scraping/data/
[32m2023-05-31 14:36:37 +0200[0m - dagster - [34mINFO[0m - __ASSET_JOB - 334954bf-4558-4891-b0c9-a5723a994bfb - download_pages - https://www.immoscout24.ch/en/real-estate/buy/city-zuerich?pn=3&r=1&map=1
[32m2023-05-31 14:36:40 +0200[0m - dagster - [34mINFO[0m - __ASSET_JOB - 334954bf-4558-4891-b0c9-a5723a994bfb - download_pages - File 230531_real_estate_data_zuerich_1_km_part_3.html written to ./realestate_scraping/data/
[32m2023-05-31 14:36:40 +0200[0m - dagster - [34mINFO[0m - __ASSET_JOB - 334954bf-4558-4891-b0c9-a5723a994bfb - download_pages - https://www.immoscout24.ch/en/real-estate/buy/city-zuerich?pn=4&r=1&map=1
[32m2023-05-31 14:36:43 +0200[0m - dagster - [34mINFO[0m - __ASSET_JOB - 334954bf-4558-4891-b0c9-a5723a994bfb - download_pages - File 230531_real_estate_data_zuerich_1_km_part_4.html written to ./realestate_scraping/data/
[32m2023-05-31 14:36:43 +0200[0m - dagster - [34mINFO[0m - __ASSET_JOB - 334954bf-4558-4891-b0c9-a5723a994bfb - download_pages - https://www.immoscout24.ch/en/real-estate/buy/city-zuerich?pn=5&r=1&map=1
[32m2023-05-31 14:36:46 +0200[0m - dagster - [34mINFO[0m - __ASSET_JOB - 334954bf-4558-4891-b0c9-a5723a994bfb - download_pages - File 230531_real_estate_data_zuerich_1_km_part_5.html written to ./realestate_scraping/data/
[32m2023-05-31 14:36:46 +0200[0m - dagster - [34mINFO[0m - __ASSET_JOB - 334954bf-4558-4891-b0c9-a5723a994bfb - download_pages - https://www.immoscout24.ch/en/real-estate/buy/city-zuerich?pn=6&r=1&map=1
[32m2023-05-31 14:36:50 +0200[0m - dagster - [34mINFO[0m - __ASSET_JOB - 334954bf-4558-4891-b0c9-a5723a994bfb - download_pages - File 230531_real_estate_data_zuerich_1_km_part_6.html written to ./realestate_scraping/data/
[32m2023-05-31 14:36:50 +0200[0m - dagster - [34mDEBUG[0m - __ASSET_JOB - 334954bf-4558-4891-b0c9-a5723a994bfb - 58533 - download_pages - STEP_OUTPUT - Yielded output "result" of type "Any". (Type check passed).
[32m2023-05-31 14:36:50 +0200[0m - dagster - [34mDEBUG[0m - __ASSET_JOB - 334954bf-4558-4891-b0c9-a5723a994bfb - download_pages - Writing file at: /Users/ctac/Desktop/Data Engineer /Projects/realestate_scraping_project/realestate-scraping/tmpru10zrl_/storage/download_pages
[32m2023-05-31 14:36:50 +0200[0m - dagster - [34mDEBUG[0m - __ASSET_JOB - 334954bf-4558-4891-b0c9-a5723a994bfb - 58533 - download_pages - ASSET_MATERIALIZATION - Materialized value download_pages.
[32m2023-05-31 14:36:50 +0200[0m - dagster - [34mDEBUG[0m - __ASSET_JOB - 334954bf-4558-4891-b0c9-a5723a994bfb - 58533 - download_pages - HANDLED_OUTPUT - Handled output "result" using IO manager "io_manager"
[32m2023-05-31 14:36:50 +0200[0m - dagster - [34mDEBUG[0m - __ASSET_JOB - 334954bf-4558-4891-b0c9-a5723a994bfb - 58533 - download_pages - STEP_SUCCESS - Finished execution of step "download_pages" in 25.81s.
