[32m2023-04-30 15:22:34 +0200[0m - dagster - [34mDEBUG[0m - __ASSET_JOB - adb26a02-801e-4e46-8d65-acd8c9db3ca8 - 42455 - LOGS_CAPTURED - Started capturing logs in process (pid: 42455).
[32m2023-04-30 15:22:34 +0200[0m - dagster - [34mDEBUG[0m - __ASSET_JOB - adb26a02-801e-4e46-8d65-acd8c9db3ca8 - 42455 - json_to_flat_properties - STEP_START - Started execution of step "json_to_flat_properties".
[32m2023-04-30 15:22:34 +0200[0m - dagster - [34mERROR[0m - [31m__ASSET_JOB - adb26a02-801e-4e46-8d65-acd8c9db3ca8 - 42455 - json_to_flat_properties - STEP_FAILURE - Execution of step "json_to_flat_properties" failed.

dagster._core.errors.DagsterExecutionStepExecutionError: Error occurred while executing op "json_to_flat_properties"::

AttributeError: 'S3Credentials' object has no attribute '_get_spark_session'

Stack Trace:
  File "/Users/ctac/Desktop/Data Engineer /Projects/realestate_scraping_project/env/lib/python3.11/site-packages/dagster/_core/execution/plan/utils.py", line 54, in op_execution_error_boundary
    yield
  File "/Users/ctac/Desktop/Data Engineer /Projects/realestate_scraping_project/env/lib/python3.11/site-packages/dagster/_utils/__init__.py", line 443, in iterate_with_context
    next_output = next(iterator)
                  ^^^^^^^^^^^^^^
  File "/Users/ctac/Desktop/Data Engineer /Projects/realestate_scraping_project/env/lib/python3.11/site-packages/dagster/_core/execution/plan/compute_generator.py", line 124, in _coerce_solid_compute_fn_to_iterator
    result = invoke_compute_fn(
             ^^^^^^^^^^^^^^^^^^
  File "/Users/ctac/Desktop/Data Engineer /Projects/realestate_scraping_project/env/lib/python3.11/site-packages/dagster/_core/execution/plan/compute_generator.py", line 118, in invoke_compute_fn
    return fn(context, **args_to_pass) if context_arg_provided else fn(**args_to_pass)
           ^^^^^^^^^^^^^^^^^^^^^^^^^^^
  File "/Users/ctac/Desktop/Data Engineer /Projects/realestate_scraping_project/realestate-scraping/realestate_scraping/assets/core/realestate_scraping.py", line 170, in json_to_flat_properties
    context.log.info(context.resources.s3._get_spark_session)
                     ^^^^^^^^^^^^^^^^^^^^^^^^^^^^^^^^^^^^^^^
[0m
