[32m2023-06-02 18:27:28 +0200[0m - dagster - [34mDEBUG[0m - __ASSET_JOB - 7b05b384-07d9-4529-9116-6e6bb2749536 - 1219 - LOGS_CAPTURED - Started capturing logs in process (pid: 1219).
[32m2023-06-02 18:27:28 +0200[0m - dagster - [34mDEBUG[0m - __ASSET_JOB - 7b05b384-07d9-4529-9116-6e6bb2749536 - 1219 - move_from_raw_to_stg - STEP_START - Started execution of step "move_from_raw_to_stg".
[32m2023-06-02 18:27:28 +0200[0m - dagster - [34mERROR[0m - [31m__ASSET_JOB - 7b05b384-07d9-4529-9116-6e6bb2749536 - 1219 - move_from_raw_to_stg - STEP_FAILURE - Execution of step "move_from_raw_to_stg" failed.

dagster._core.errors.DagsterExecutionStepExecutionError: Error occurred while executing op "move_from_raw_to_stg"::

AttributeError: 'function' object has no attribute 'list_objects'

Stack Trace:
  File "/Users/ctac/Desktop/Data Engineer /Projects/realestate_scraping_project/env/lib/python3.11/site-packages/dagster/_core/execution/plan/utils.py", line 54, in op_execution_error_boundary
    yield
  File "/Users/ctac/Desktop/Data Engineer /Projects/realestate_scraping_project/env/lib/python3.11/site-packages/dagster/_utils/__init__.py", line 443, in iterate_with_context
    next_output = next(iterator)
                  ^^^^^^^^^^^^^^
  File "/Users/ctac/Desktop/Data Engineer /Projects/realestate_scraping_project/env/lib/python3.11/site-packages/dagster/_core/execution/plan/compute_generator.py", line 124, in _coerce_solid_compute_fn_to_iterator
    result = invoke_compute_fn(
             ^^^^^^^^^^^^^^^^^^
  File "/Users/ctac/Desktop/Data Engineer /Projects/realestate_scraping_project/env/lib/python3.11/site-packages/dagster/_core/execution/plan/compute_generator.py", line 118, in invoke_compute_fn
    return fn(context, **args_to_pass) if context_arg_provided else fn(**args_to_pass)
           ^^^^^^^^^^^^^^^^^^^^^^^^^^^
  File "/Users/ctac/Desktop/Data Engineer /Projects/realestate_scraping_project/realestate-scraping/realestate_scraping/assets/core/realestate_scraping.py", line 314, in move_from_raw_to_stg
    context.resources.s3._move_object_between_buckets(raw_bucket, stg_bucket)
  File "/Users/ctac/Desktop/Data Engineer /Projects/realestate_scraping_project/realestate-scraping/realestate_scraping/__init__.py", line 60, in _move_object_between_buckets
    for _obj in self._list_files_s3(src_bucket)
                ^^^^^^^^^^^^^^^^^^^^^^^^^^^^^^^
  File "/Users/ctac/Desktop/Data Engineer /Projects/realestate_scraping_project/realestate-scraping/realestate_scraping/__init__.py", line 33, in _list_files_s3
    return self._get_s3_client.list_objects(bucket_name, prefix=prefix,recursive=True)
       ^^^^^^^^^^^^^^^^^^^^^^^^^^^^^^^^
[0m
