[32m2023-04-25 18:11:14 +0200[0m - dagster - [34mDEBUG[0m - __ASSET_JOB - a6fc290d-1116-4734-a8e8-d1d5c54b91cc - 21178 - LOGS_CAPTURED - Started capturing logs in process (pid: 21178).
[32m2023-04-25 18:11:14 +0200[0m - dagster - [34mDEBUG[0m - __ASSET_JOB - a6fc290d-1116-4734-a8e8-d1d5c54b91cc - 21178 - create_delta_table - STEP_START - Started execution of step "create_delta_table".
[32m2023-04-25 18:11:14 +0200[0m - dagster - [34mERROR[0m - [31m__ASSET_JOB - a6fc290d-1116-4734-a8e8-d1d5c54b91cc - 21178 - create_delta_table - STEP_FAILURE - Execution of step "create_delta_table" failed.

dagster._core.errors.DagsterExecutionStepExecutionError: Error occurred while executing op "create_delta_table"::

AttributeError: 'Minio' object has no attribute 'list_objects_v2'

Stack Trace:
  File "/Users/ctac/Desktop/Data Engineer /Projects/realestate_scraping_project/env/lib/python3.11/site-packages/dagster/_core/execution/plan/utils.py", line 54, in op_execution_error_boundary
    yield
  File "/Users/ctac/Desktop/Data Engineer /Projects/realestate_scraping_project/env/lib/python3.11/site-packages/dagster/_utils/__init__.py", line 443, in iterate_with_context
    next_output = next(iterator)
                  ^^^^^^^^^^^^^^
  File "/Users/ctac/Desktop/Data Engineer /Projects/realestate_scraping_project/env/lib/python3.11/site-packages/dagster/_core/execution/plan/compute_generator.py", line 124, in _coerce_solid_compute_fn_to_iterator
    result = invoke_compute_fn(
             ^^^^^^^^^^^^^^^^^^
  File "/Users/ctac/Desktop/Data Engineer /Projects/realestate_scraping_project/env/lib/python3.11/site-packages/dagster/_core/execution/plan/compute_generator.py", line 118, in invoke_compute_fn
    return fn(context, **args_to_pass) if context_arg_provided else fn(**args_to_pass)
           ^^^^^^^^^^^^^^^^^^^^^^^^^^^
  File "/Users/ctac/Desktop/Data Engineer /Projects/realestate_scraping_project/realestate-scraping/realestate_scraping/assets/core/realestate_scraping.py", line 131, in create_delta_table
    objects = s3_client.list_objects_v2(context.resources.s3.bucket_name ,recursive=True)
              ^^^^^^^^^^^^^^^^^^^^^^^^^
[0m
