[32m2023-05-31 17:58:58 +0200[0m - dagster - [34mDEBUG[0m - __ASSET_JOB - 0c5c82ae-4055-4bef-adb6-ac88f053648d - 68531 - LOGS_CAPTURED - Started capturing logs in process (pid: 68531).
[32m2023-05-31 17:58:58 +0200[0m - dagster - [34mDEBUG[0m - __ASSET_JOB - 0c5c82ae-4055-4bef-adb6-ac88f053648d - 68531 - filter_for_new_or_changed_properties - STEP_START - Started execution of step "filter_for_new_or_changed_properties".
[32m2023-05-31 17:58:58 +0200[0m - dagster - [34mDEBUG[0m - __ASSET_JOB - 0c5c82ae-4055-4bef-adb6-ac88f053648d - filter_for_new_or_changed_properties - Loading file from: /Users/ctac/Desktop/Data Engineer /Projects/realestate_scraping_project/realestate-scraping/tmptzlrvrrr/storage/scrape_pages
[32m2023-05-31 17:58:58 +0200[0m - dagster - [34mDEBUG[0m - __ASSET_JOB - 0c5c82ae-4055-4bef-adb6-ac88f053648d - 68531 - filter_for_new_or_changed_properties - ASSET_OBSERVATION - DagsterEventType.ASSET_OBSERVATION for step filter_for_new_or_changed_properties
[32m2023-05-31 17:58:58 +0200[0m - dagster - [34mDEBUG[0m - __ASSET_JOB - 0c5c82ae-4055-4bef-adb6-ac88f053648d - 68531 - filter_for_new_or_changed_properties - LOADED_INPUT - Loaded input "scrape_pages" using input manager "io_manager"
[32m2023-05-31 17:58:58 +0200[0m - dagster - [34mDEBUG[0m - __ASSET_JOB - 0c5c82ae-4055-4bef-adb6-ac88f053648d - 68531 - filter_for_new_or_changed_properties - STEP_INPUT - Got input "scrape_pages" of type "Any". (Type check passed).
Ivy Default Cache set to: /Users/ctac/.ivy2/cache
The jars for the packages stored in: /Users/ctac/.ivy2/jars
io.delta#delta-core_2.12 added as a dependency
org.apache.hadoop#hadoop-aws added as a dependency
:: resolving dependencies :: org.apache.spark#spark-submit-parent-e7f60746-bc85-444b-9b09-6e4702770746;1.0
	confs: [default]
	found io.delta#delta-core_2.12;2.1.0 in central
	found io.delta#delta-storage;2.1.0 in central
	found org.antlr#antlr4-runtime;4.8 in central
	found org.codehaus.jackson#jackson-core-asl;1.9.13 in central
	found org.apache.hadoop#hadoop-aws;3.3.2 in central
	found com.amazonaws#aws-java-sdk-bundle;1.11.1026 in central
	found org.wildfly.openssl#wildfly-openssl;1.0.7.Final in central
:: resolution report :: resolve 137ms :: artifacts dl 4ms
	:: modules in use:
	com.amazonaws#aws-java-sdk-bundle;1.11.1026 from central in [default]
	io.delta#delta-core_2.12;2.1.0 from central in [default]
	io.delta#delta-storage;2.1.0 from central in [default]
	org.antlr#antlr4-runtime;4.8 from central in [default]
	org.apache.hadoop#hadoop-aws;3.3.2 from central in [default]
	org.codehaus.jackson#jackson-core-asl;1.9.13 from central in [default]
	org.wildfly.openssl#wildfly-openssl;1.0.7.Final from central in [default]
	---------------------------------------------------------------------
	|                  |            modules            ||   artifacts   |
	|       conf       | number| search|dwnlded|evicted|| number|dwnlded|
	---------------------------------------------------------------------
	|      default     |   7   |   0   |   0   |   0   ||   7   |   0   |
	---------------------------------------------------------------------
:: retrieving :: org.apache.spark#spark-submit-parent-e7f60746-bc85-444b-9b09-6e4702770746
	confs: [default]
	0 artifacts copied, 7 already retrieved (0kB/3ms)
Setting default log level to "WARN".
To adjust logging level use sc.setLogLevel(newLevel). For SparkR, use setLogLevel(newLevel).
[Stage 2:=========>                                                (8 + 8) / 50][Stage 2:====================>                                    (18 + 9) / 50][Stage 2:============================================>            (39 + 8) / 50]                                                                                [Stage 8:>                                                          (0 + 8) / 8]                                                                                [32m2023-05-31 17:59:10 +0200[0m - dagster - [34mINFO[0m - __ASSET_JOB - 0c5c82ae-4055-4bef-adb6-ac88f053648d - filter_for_new_or_changed_properties - Existing properties :      propertyDetails_id      fingerprint
0               7690446  7690446-2409000
1               7438969   7438969-990000
2               7136853  7136853-1850000
3               7528182  7528182-1950000
4               7317300  7317300-1450000
..                  ...              ...
126             7682906  7682906-1850000
127             7668447   7668447-910000
128             7641431  7641431-1150000
129             7525705  7525705-1170000
130             7479136   7479136-395000

[131 rows x 2 columns]
[32m2023-05-31 17:59:11 +0200[0m - dagster - [34mINFO[0m - __ASSET_JOB - 0c5c82ae-4055-4bef-adb6-ac88f053648d - filter_for_new_or_changed_properties - Number of new or changed properties: 8143
[32m2023-05-31 17:59:11 +0200[0m - dagster - [34mINFO[0m - __ASSET_JOB - 0c5c82ae-4055-4bef-adb6-ac88f053648d - filter_for_new_or_changed_properties - New or changed properties ids: 7638160, 7638159, 7637937, 7620152, 7585948, 7529495, 7474583, 6922955, 6270891, 7789762, 7784521, 7784118, 7782231, 7781976, 7598612, 7598047, 7591800, 7591499, 7566709, 7562082, 7559067, 7559025, 7559024, 7551138, 7551133, 7551132, 7551131, 7499443, 7495182, 7490954, 7485090, 7485083, 7485080, 7482497, 7482495, 7466028, 7773691, 7773689, 7773688, 7772175, 7771108, 7767618, 7759653, 7755866, 7753152, 7750457, 7744944, 7743041, 7742632, 7740514, 7735541, 7735487, 7733496, 7733495, 7709995, 7702232, 7364820, 7788731, 7788004, 7787798, 7784891, 7782369, 7780751, 7780076, 7777414, 7777397, 7777312, 7775093, 7771850, 7765628, 7761800, 7699967, 7683042, 7788943, 7788742, 7787419, 7786768, 7785667, 7784915, 7784913, 7781476, 7780272, 7779962, 7779030, 7674385, 7668447, 7666909, 7662651, 7636143, 7636138, 7628691, 7621594, 7599674, 7526449, 7466036, 7373946, 7256980, 7256974, 7194820, 7194055, 7194054, 7755725, 7755723, 7755699, 7755698, 7755697, 7755696, 7755695, 7755694, 7755118, 7755073, 7754925, 7749342, 7747417, 7745374, 7745178, 7744899, 7740261, 7739329, 7738972, 7738390, 7738287, 7737798, 7735456, 7732210, 7179106, 7161030, 7789417, 7785626, 7782187, 7780117, 7775308, 7774654, 7774051, 7773284, 7773013, 7772972, 7772194, 7771051, 7770450, 7769666, 7769309, 7768739, 7766645, 7765748, 7763181, 7758217, 7756301, 7739354, 7733550, 7733498, 7731020, 7727187, 7726968, 7725260, 7723189, 7723188, 7723187, 7718817, 7716100, 7713860, 7711695, 7711652, 7709709, 7709465, 7709338, 7708446, 7708300, 7704434, 7697904, 7696618, 7779028, 7774142, 7773701, 7773501, 7771836, 7768329, 7763720, 7760647, 7726080, 7714320, 7635926, 7789810, 7788942, 7788173, 7785669, 7784529, 7783704, 7779836, 7778594, 7778572, 7755980, 7748777, 7747509, 7787573, 7783544, 7782762, 7782698, 7782697, 7782500, 7782157, 7782043, 7781439, 7781438, 7781436, 7781435, 7780754, 7780081, 7779114, 7779037, 7778846, 7776399, 7769206, 7768085, 7767394, 7765703, 7763953, 7762980, 7462859, 7461672, 7453866, 7242497, 7184621, 7786667, 7786651, 7782948, 7779868, 7777242, 7776818, 7775265, 7774769, 7772531, 7769988, 7767549, 7765750, 7765746, 7765281, 7764133, 7762807, 7761910, 7759348, 7751619, 7750480, 7749801, 7748976, 7746726, 7740733, 7727536, 7727251, 7720996, 7720450, 7719223, 7718368, 7716424, 7704435, 7703439, 7702296, 7702286, 7699512, 7697865, 7695039, 7668448, 7719477, 7750242, 7760867, 7781178, 7780752, 6807195, 7780739, 7775865, 7620945, 7768140, 7616225, 7757138, 6742322, 7137601, 7671208, 7573080, 7569227, 7688190, 7563641, 7658477, 7653592, 7719466, 7774151, 7774148, 7773803, 7773802, 7773286, 7773285, 7773283, 7772581, 7772269, 7769444, 7768929, 7768839, 7768114, 7766109, 7765531, 7764608, 7759859, 7757463, 7757432, 7756262, 7756063, 7750018, 7749271, 7747420, 7785928, 7785927, 7784310, 7782628, 7782432, 7782430, 7782429, 7782428, 7782427, 7782424, 7781748, 7780455, 7780190, 7780073, 7777862, 7776730, 7776687, 7775425, 7775424, 7775423, 7775422, 7775421, 7775420, 7775419, 7785708, 7785707, 7785706, 7785705, 7784981, 7784889, 7784544, 7784169, 7783744, 7782699, 7782660, 7782016, 7781393, 7777241, 7773265, 7772789, 7772788, 7772671, 7772584, 7771742, 7769864, 7768831, 7768805, 7764476, 7753176, 7742669, 7737048, 7735422, 7721205, 7712434, 7709462, 7708390, 7683816, 7680736, 7611421, 7572333, 7536330, 7498629, 7789302, 7788891, 7788585, 7788267, 7788025, 7785710, 7785709, 7484335, 7484322, 7479576, 7479575, 7306279, 6991620, 6991619, 7789811, 7789780, 7789710, 7787564, 7785930, 7785929, 7490769, 7490768, 7450605, 7342408, 7214476, 7787866, 7785041, 7784198, 7782147, 7779422, 7777666, 7777526, 7776806, 7776792, 7776748, 7776734, 7776733, 7775487, 7775483, 7774806, 7787767, 7787768, 7787485, 7782957, 7788340, 7786511, 7758531, 7495156, 7788487, 7787393, 7785964, 7784909, 7782370, 7780490, 7778570, 7778568, 7773700, 7760655, 7743040, 7789008, 7786800, 7784912, 7750355, 7749960, 7749358, 7747733, 7747415, 7744124, 7744034, 7742789, 7742731, 7742725, 7742703, 7741405, 7740943, 7740867, 7738923, 7738220, 7736867, 7736824, 7736651, 7735829, 7733341, 7733330, 7731202, 7725771, 7720745, 7719452, 7719221, 7719219, 7718593, 7718183, 7716099, 7711586, 7711114, 7697866, 7695623, 7692744, 7692743, 7679832, 7678579, 7678575, 7654983, 7635788, 7626541, 7555302, 7684012, 7657799, 7635924, 7635849, 7635815, 7598016, 7527068, 7703848, 7701393, 7698219, 7698217, 7661674, 7661300, 7651104, 7646642, 7636044, 7630990, 7601232, 7551794, 7523184, 7522559, 7495163, 7493835, 7466427, 7789028, 7789027, 7788792, 7787675, 7787096, 7764188, 7764185, 7763952, 7762821, 7762518, 7761070, 7760373, 7755945, 7748395, 7748201, 7745551, 7744750, 7742319, 7732965, 7731963, 7728754, 7726213, 7726212, 7726211, 7724835, 7722184, 7713370, 7711210, 7704728, 7746453, 7744645, 7740575, 7739457, 7738172, 7737964, 7737018, 7736789, 7733551, 7733234, 7731017, 7728325, 7725772, 7720920, 7719260, 7718406, 7711647, 7710733, 7709549, 7709306, 7707137, 7703126, 7697660, 7696579, 7754689, 7754688, 7550685, 7784245, 7784243, 7622985, 7622750, 7482621, 7435589, 7487675, 7788785, 7759112, 7785651, 7608971, 7783121, 7749046, 7749028, 7748771, 7747965, 7747758, 7747220, 7745175, 7745163, 7744065, 7742662, 7740301, 7739456, 7739373, 7739370, 7739368, 7738924, 7738393, 7736017, 7735844, 7732053, 7728261, 7725555, 7724574, 7721200, 7775418, 7775006, 7774710, 7774149, 7772582, 7772226, 7772091, 7768402, 7766153, 7766020, 7765747, 7763053, 7762863, 7760593, 7760541, 7759301, 7759299, 7759298, 7755363, 7755096, 7755072, 7755060, 7753078, 7751531, 7668168, 7666390, 7657217, 7648256, 7646654, 7645373, 7642795, 7638959, 7638209, 7635677, 7631992, 7622403, 7622401, 7622398, 7619310, 7607143, 7607142, 7759343, 7759342, 7759328, 7759326, 7756304, 7748972, 7747968, 7747674, 7746679, 7745494, 7745470, 7745441, 7744874, 7744067, 7740255, 7738294, 7738284, 7734239, 7733342, 7733076, 7730198, 7723684, 7722452, 7722426, 7772583, 7772108, 7772090, 7771744, 7771740, 7770353, 7769268, 7768153, 7766646, 7766259, 7766016, 7765656, 7765444, 7765227, 7764639, 7762696, 7761872, 7761850, 7761073, 7761072, 7760100, 7755498, 7754692, 7752035, 7636312, 7636306, 7623949, 7619309, 7607028, 7574202, 7568932, 7562080, 7558418, 7558147, 7479573, 7447545, 7447544, 7394054, 7770043, 7769415, 7768427, 7767898, 7767897, 7767896, 7767895, 7767894, 7767632, 7766110, 7765443, 7765231, 7764475, 7764196, 7762270, 7762211, 7762206, 7762183, 7760906, 7760688, 7758045, 7756265, 7756264, 7756261, 7644872, 7644871, 7644867, 7493843, 7248328, 7789032, 7788882, 7788869, 7787672, 7787404, 7784204, 7782776, 7782696, 7782588, 7781485, 7779326, 7772540, 7769514, 7769153, 7760839, 7759327, 7757504, 7756988, 7769124, 7768425, 7768152, 7765441, 7764939, 7764936, 7764923, 7764154, 7763452, 7759300, 7757790, 7757168, 7756290, 7756142, 7755609, 7751999, 7751534, 7747847, 7747200, 7746196, 7745333, 7740086, 7739367, 7739355, 7781740, 7781736, 7779793, 7779791, 7779789, 7779788, 7779706, 7778884, 7778883, 7778747, 7777911, 7777874, 7777259, 7777258, 7776745, 7776716, 7775928, 7775007, 7774423, 7772665, 7771753, 7771745, 7770357, 7770336, 7748222, 7745046, 7712046, 7667159, 7326682, 7136683, 7789809, 7789763, 7789036, 7789035, 7788898, 7787969, 7787770, 7787377, 7787045, 7786759, 7783724, 7782787, 7782700, 7781480, 7778770, 7777765, 7775579, 7773692, 7789781, 7788269, 7786018, 7784523, 7781117, 7780485, 7779794, 7779792, 7779790, 7779606, 7776682, 7776678, 7775393, 7775368, 7775351, 7775070, 7774950, 7774676, 7773772, 7773292, 7772267, 7771747, 7770143, 7770140, 7720744, 7719378, 7709116, 7707317, 7703774, 7703579, 7700255, 7697760, 7692597, 7689325, 7675626, 7671516, 7663753, 7663750, 7659708, 7658538, 7649931, 7647922, 7639036, 7636386, 7785747, 7785735, 7784898, 7784634, 7784119, 7784117, 7783865, 7783836, 7782886, 7782673, 7782238, 7781730, 7781725, 7781719, 7781268, 7781069, 7780770, 7777518, 7776586, 7775993, 7775402, 7773943, 7772909, 7772661, 7732203, 7730551, 7729396, 7727086, 7725556, 7724340, 7723405, 7718816, 7718815, 7718536, 7717245, 7716210, 7711903, 7711858, 7711694, 7711467, 7710351, 7710349, 7701358, 7683983, 7681368, 7673010, 7672795
[32m2023-05-31 17:59:11 +0200[0m - dagster - [34mDEBUG[0m - __ASSET_JOB - 0c5c82ae-4055-4bef-adb6-ac88f053648d - 68531 - filter_for_new_or_changed_properties - STEP_OUTPUT - Yielded output "result" of type "Any". (Type check passed).
[32m2023-05-31 17:59:11 +0200[0m - dagster - [34mDEBUG[0m - __ASSET_JOB - 0c5c82ae-4055-4bef-adb6-ac88f053648d - filter_for_new_or_changed_properties - Writing file at: /Users/ctac/Desktop/Data Engineer /Projects/realestate_scraping_project/realestate-scraping/tmptzlrvrrr/storage/filter_for_new_or_changed_properties
[32m2023-05-31 17:59:11 +0200[0m - dagster - [34mDEBUG[0m - __ASSET_JOB - 0c5c82ae-4055-4bef-adb6-ac88f053648d - 68531 - filter_for_new_or_changed_properties - ASSET_MATERIALIZATION - Materialized value filter_for_new_or_changed_properties.
[32m2023-05-31 17:59:11 +0200[0m - dagster - [34mDEBUG[0m - __ASSET_JOB - 0c5c82ae-4055-4bef-adb6-ac88f053648d - 68531 - filter_for_new_or_changed_properties - HANDLED_OUTPUT - Handled output "result" using IO manager "io_manager"
[32m2023-05-31 17:59:11 +0200[0m - dagster - [34mDEBUG[0m - __ASSET_JOB - 0c5c82ae-4055-4bef-adb6-ac88f053648d - 68531 - filter_for_new_or_changed_properties - STEP_SUCCESS - Finished execution of step "filter_for_new_or_changed_properties" in 12.59s.
