[32m2023-05-31 12:18:42 +0200[0m - dagster - [34mDEBUG[0m - __ASSET_JOB - 3c665bb6-8b55-4f59-88a2-ea1a55d818bd - 55158 - LOGS_CAPTURED - Started capturing logs in process (pid: 55158).
[32m2023-05-31 12:18:42 +0200[0m - dagster - [34mDEBUG[0m - __ASSET_JOB - 3c665bb6-8b55-4f59-88a2-ea1a55d818bd - 55158 - create_delta_table - STEP_START - Started execution of step "create_delta_table".
Ivy Default Cache set to: /Users/ctac/.ivy2/cache
The jars for the packages stored in: /Users/ctac/.ivy2/jars
io.delta#delta-core_2.12 added as a dependency
org.apache.hadoop#hadoop-aws added as a dependency
:: resolving dependencies :: org.apache.spark#spark-submit-parent-4f1edb03-36aa-4986-a44b-1f060075aa57;1.0
	confs: [default]
	found io.delta#delta-core_2.12;2.1.0 in central
	found io.delta#delta-storage;2.1.0 in central
	found org.antlr#antlr4-runtime;4.8 in central
	found org.codehaus.jackson#jackson-core-asl;1.9.13 in central
	found org.apache.hadoop#hadoop-aws;3.3.2 in central
	found com.amazonaws#aws-java-sdk-bundle;1.11.1026 in central
	found org.wildfly.openssl#wildfly-openssl;1.0.7.Final in central
:: resolution report :: resolve 136ms :: artifacts dl 5ms
	:: modules in use:
	com.amazonaws#aws-java-sdk-bundle;1.11.1026 from central in [default]
	io.delta#delta-core_2.12;2.1.0 from central in [default]
	io.delta#delta-storage;2.1.0 from central in [default]
	org.antlr#antlr4-runtime;4.8 from central in [default]
	org.apache.hadoop#hadoop-aws;3.3.2 from central in [default]
	org.codehaus.jackson#jackson-core-asl;1.9.13 from central in [default]
	org.wildfly.openssl#wildfly-openssl;1.0.7.Final from central in [default]
	---------------------------------------------------------------------
	|                  |            modules            ||   artifacts   |
	|       conf       | number| search|dwnlded|evicted|| number|dwnlded|
	---------------------------------------------------------------------
	|      default     |   7   |   0   |   0   |   0   ||   7   |   0   |
	---------------------------------------------------------------------
:: retrieving :: org.apache.spark#spark-submit-parent-4f1edb03-36aa-4986-a44b-1f060075aa57
	confs: [default]
	0 artifacts copied, 7 already retrieved (0kB/4ms)
Setting default log level to "WARN".
To adjust logging level use sc.setLogLevel(newLevel). For SparkR, use setLogLevel(newLevel).
[32m2023-05-31 12:18:48 +0200[0m - dagster - [34mDEBUG[0m - __ASSET_JOB - 3c665bb6-8b55-4f59-88a2-ea1a55d818bd - 55158 - create_delta_table - LOADED_INPUT - Loaded input "json_to_flat_properties" using input manager "local_parquet_io_manager"
[32m2023-05-31 12:18:48 +0200[0m - dagster - [34mDEBUG[0m - __ASSET_JOB - 3c665bb6-8b55-4f59-88a2-ea1a55d818bd - 55158 - create_delta_table - STEP_INPUT - Got input "json_to_flat_properties" of type "DataFrame". (Type check passed).
[32m2023-05-31 12:18:49 +0200[0m - dagster - [34mINFO[0m - __ASSET_JOB - 3c665bb6-8b55-4f59-88a2-ea1a55d818bd - create_delta_table - 19344
[32m2023-05-31 12:18:49 +0200[0m - dagster - [34mERROR[0m - [31m__ASSET_JOB - 3c665bb6-8b55-4f59-88a2-ea1a55d818bd - 55158 - create_delta_table - STEP_FAILURE - Execution of step "create_delta_table" failed.

dagster._core.errors.DagsterExecutionStepExecutionError: Error occurred while executing op "create_delta_table"::

pyspark.sql.utils.ParseException: 
Syntax error at or near ''s3a://real-estate/lake/bronze/property"''(line 1, pos 21)

== SQL ==
DROP TABLE IF EXISTS 's3a://real-estate/lake/bronze/property"'
---------------------^^^


Stack Trace:
  File "/Users/ctac/Desktop/Data Engineer /Projects/realestate_scraping_project/env/lib/python3.11/site-packages/dagster/_core/execution/plan/utils.py", line 54, in op_execution_error_boundary
    yield
  File "/Users/ctac/Desktop/Data Engineer /Projects/realestate_scraping_project/env/lib/python3.11/site-packages/dagster/_utils/__init__.py", line 443, in iterate_with_context
    next_output = next(iterator)
                  ^^^^^^^^^^^^^^
  File "/Users/ctac/Desktop/Data Engineer /Projects/realestate_scraping_project/env/lib/python3.11/site-packages/dagster/_core/execution/plan/compute_generator.py", line 124, in _coerce_solid_compute_fn_to_iterator
    result = invoke_compute_fn(
             ^^^^^^^^^^^^^^^^^^
  File "/Users/ctac/Desktop/Data Engineer /Projects/realestate_scraping_project/env/lib/python3.11/site-packages/dagster/_core/execution/plan/compute_generator.py", line 118, in invoke_compute_fn
    return fn(context, **args_to_pass) if context_arg_provided else fn(**args_to_pass)
           ^^^^^^^^^^^^^^^^^^^^^^^^^^^
  File "/Users/ctac/Desktop/Data Engineer /Projects/realestate_scraping_project/realestate-scraping/realestate_scraping/assets/core/realestate_scraping.py", line 238, in create_delta_table
    spark_session.sql("""DROP TABLE IF EXISTS 's3a://real-estate/lake/bronze/property"'""")
  File "/Users/ctac/Desktop/Data Engineer /Projects/realestate_scraping_project/env/lib/python3.11/site-packages/pyspark/sql/session.py", line 1034, in sql
    return DataFrame(self._jsparkSession.sql(sqlQuery), self)
                     ^^^^^^^^^^^^^^^^^^^^^^^^^^^^^^^^^
  File "/Users/ctac/Desktop/Data Engineer /Projects/realestate_scraping_project/env/lib/python3.11/site-packages/py4j/java_gateway.py", line 1321, in __call__
    return_value = get_return_value(
                   ^^^^^^^^^^^^^^^^^
  File "/Users/ctac/Desktop/Data Engineer /Projects/realestate_scraping_project/env/lib/python3.11/site-packages/pyspark/sql/utils.py", line 196, in deco
    raise converted from None

The above exception occurred during handling of the following exception:
py4j.protocol.Py4JJavaError: An error occurred while calling o45.sql.
: org.apache.spark.sql.catalyst.parser.ParseException: 
Syntax error at or near ''s3a://real-estate/lake/bronze/property"''(line 1, pos 21)

== SQL ==
DROP TABLE IF EXISTS 's3a://real-estate/lake/bronze/property"'
---------------------^^^

	at org.apache.spark.sql.catalyst.parser.ParseException.withCommand(ParseDriver.scala:306)
	at org.apache.spark.sql.catalyst.parser.AbstractSqlParser.parse(ParseDriver.scala:143)
	at org.apache.spark.sql.execution.SparkSqlParser.parse(SparkSqlParser.scala:52)
	at org.apache.spark.sql.catalyst.parser.AbstractSqlParser.parsePlan(ParseDriver.scala:89)
	at io.delta.sql.parser.DeltaSqlParser.$anonfun$parsePlan$1(DeltaSqlParser.scala:78)
	at io.delta.sql.parser.DeltaSqlParser.parse(DeltaSqlParser.scala:111)
	at io.delta.sql.parser.DeltaSqlParser.parsePlan(DeltaSqlParser.scala:75)
	at org.apache.spark.sql.SparkSession.$anonfun$sql$2(SparkSession.scala:620)
	at org.apache.spark.sql.catalyst.QueryPlanningTracker.measurePhase(QueryPlanningTracker.scala:111)
	at org.apache.spark.sql.SparkSession.$anonfun$sql$1(SparkSession.scala:620)
	at org.apache.spark.sql.SparkSession.withActive(SparkSession.scala:779)
	at org.apache.spark.sql.SparkSession.sql(SparkSession.scala:617)
	at java.base/jdk.internal.reflect.NativeMethodAccessorImpl.invoke0(Native Method)
	at java.base/jdk.internal.reflect.NativeMethodAccessorImpl.invoke(NativeMethodAccessorImpl.java:62)
	at java.base/jdk.internal.reflect.DelegatingMethodAccessorImpl.invoke(DelegatingMethodAccessorImpl.java:43)
	at java.base/java.lang.reflect.Method.invoke(Method.java:566)
	at py4j.reflection.MethodInvoker.invoke(MethodInvoker.java:244)
	at py4j.reflection.ReflectionEngine.invoke(ReflectionEngine.java:357)
	at py4j.Gateway.invoke(Gateway.java:282)
	at py4j.commands.AbstractCommand.invokeMethod(AbstractCommand.java:132)
	at py4j.commands.CallCommand.execute(CallCommand.java:79)
	at py4j.ClientServerConnection.waitForCommands(ClientServerConnection.java:182)
	at py4j.ClientServerConnection.run(ClientServerConnection.java:106)
	at java.base/java.lang.Thread.run(Thread.java:829)


Stack Trace:
  File "/Users/ctac/Desktop/Data Engineer /Projects/realestate_scraping_project/env/lib/python3.11/site-packages/pyspark/sql/utils.py", line 190, in deco
    return f(*a, **kw)
           ^^^^^^^^^^^
  File "/Users/ctac/Desktop/Data Engineer /Projects/realestate_scraping_project/env/lib/python3.11/site-packages/py4j/protocol.py", line 326, in get_return_value
    raise Py4JJavaError(
[0m
