[32m2023-04-25 20:35:56 +0200[0m - dagster - [34mDEBUG[0m - __ASSET_JOB - cab7fd1e-159d-4d5c-9cfe-8fc15402a0d0 - 24799 - LOGS_CAPTURED - Started capturing logs in process (pid: 24799).
[32m2023-04-25 20:35:56 +0200[0m - dagster - [34mDEBUG[0m - __ASSET_JOB - cab7fd1e-159d-4d5c-9cfe-8fc15402a0d0 - 24799 - create_delta_table - STEP_START - Started execution of step "create_delta_table".
Ivy Default Cache set to: /Users/ctac/.ivy2/cache
The jars for the packages stored in: /Users/ctac/.ivy2/jars
io.delta#delta-core_2.12 added as a dependency
:: resolving dependencies :: org.apache.spark#spark-submit-parent-d57adb20-f7ca-4769-90e2-13a8bb2f2e1b;1.0
	confs: [default]
	found io.delta#delta-core_2.12;2.1.0 in central
	found io.delta#delta-storage;2.1.0 in central
	found org.antlr#antlr4-runtime;4.8 in central
	found org.codehaus.jackson#jackson-core-asl;1.9.13 in central
:: resolution report :: resolve 96ms :: artifacts dl 3ms
	:: modules in use:
	io.delta#delta-core_2.12;2.1.0 from central in [default]
	io.delta#delta-storage;2.1.0 from central in [default]
	org.antlr#antlr4-runtime;4.8 from central in [default]
	org.codehaus.jackson#jackson-core-asl;1.9.13 from central in [default]
	---------------------------------------------------------------------
	|                  |            modules            ||   artifacts   |
	|       conf       | number| search|dwnlded|evicted|| number|dwnlded|
	---------------------------------------------------------------------
	|      default     |   4   |   0   |   0   |   0   ||   4   |   0   |
	---------------------------------------------------------------------
:: retrieving :: org.apache.spark#spark-submit-parent-d57adb20-f7ca-4769-90e2-13a8bb2f2e1b
	confs: [default]
	0 artifacts copied, 4 already retrieved (0kB/3ms)
Setting default log level to "WARN".
To adjust logging level use sc.setLogLevel(newLevel). For SparkR, use setLogLevel(newLevel).
[Stage 2:==========================>                              (23 + 9) / 50][Stage 2:=================================================>       (43 + 7) / 50]                                                                                [Stage 8:>                                                          (0 + 1) / 1]                                                                                [32m2023-04-25 20:36:05 +0200[0m - dagster - [34mINFO[0m - __ASSET_JOB - cab7fd1e-159d-4d5c-9cfe-8fc15402a0d0 - create_delta_table - None
[32m2023-04-25 20:36:05 +0200[0m - dagster - [34mDEBUG[0m - __ASSET_JOB - cab7fd1e-159d-4d5c-9cfe-8fc15402a0d0 - 24799 - create_delta_table - STEP_OUTPUT - Yielded output "result" of type "Any". (Type check passed).
[32m2023-04-25 20:36:05 +0200[0m - dagster - [34mDEBUG[0m - __ASSET_JOB - cab7fd1e-159d-4d5c-9cfe-8fc15402a0d0 - create_delta_table - Writing file at: /Users/ctac/Desktop/Data Engineer /Projects/realestate_scraping_project/realestate-scraping/tmpqzzz5m68/storage/create_delta_table
[32m2023-04-25 20:36:05 +0200[0m - dagster - [34mDEBUG[0m - __ASSET_JOB - cab7fd1e-159d-4d5c-9cfe-8fc15402a0d0 - 24799 - create_delta_table - ASSET_MATERIALIZATION - Materialized value create_delta_table.
[32m2023-04-25 20:36:05 +0200[0m - dagster - [34mDEBUG[0m - __ASSET_JOB - cab7fd1e-159d-4d5c-9cfe-8fc15402a0d0 - 24799 - create_delta_table - HANDLED_OUTPUT - Handled output "result" using IO manager "io_manager"
[32m2023-04-25 20:36:05 +0200[0m - dagster - [34mDEBUG[0m - __ASSET_JOB - cab7fd1e-159d-4d5c-9cfe-8fc15402a0d0 - 24799 - create_delta_table - STEP_SUCCESS - Finished execution of step "create_delta_table" in 8.55s.
