:: loading settings :: url = jar:file:/opt/homebrew/Cellar/apache-spark/3.3.1/libexec/jars/ivy-2.5.0.jar!/org/apache/ivy/core/settings/ivysettings.xml
23/05/31 12:45:58 WARN NativeCodeLoader: Unable to load native-hadoop library for your platform... using builtin-java classes where applicable
23/05/31 12:46:03 WARN HiveConf: HiveConf of name hive.stats.jdbc.timeout does not exist
23/05/31 12:46:03 WARN HiveConf: HiveConf of name hive.stats.retries.wait does not exist
23/05/31 12:46:05 WARN ObjectStore: Version information not found in metastore. hive.metastore.schema.verification is not enabled so recording the schema version 2.3.0
23/05/31 12:46:05 WARN ObjectStore: setMetaStoreSchemaVersion called but recording version is disabled: version = 2.3.0, comment = Set by MetaStore ctac@192.168.0.24
23/05/31 12:46:05 WARN ObjectStore: Failed to get database global_temp, returning NoSuchObjectException
23/05/31 12:46:05 WARN MetricsConfig: Cannot locate configuration: tried hadoop-metrics2-s3a-file-system.properties,hadoop-metrics2.properties
root
 |-- propertyDetails_accountId: long (nullable = true)
 |-- propertyDetails_availableFrom: string (nullable = true)
 |-- propertyDetails_availableFromFormatted: string (nullable = true)
 |-- propertyDetails_cityId: long (nullable = true)
 |-- propertyDetails_cityName: string (nullable = true)
 |-- propertyDetails_companyId: long (nullable = true)
 |-- propertyDetails_contactFormTypeId: long (nullable = true)
 |-- propertyDetails_countryId: long (nullable = true)
 |-- propertyDetails_description: string (nullable = true)
 |-- propertyDetails_geoAccuracy: long (nullable = true)
 |-- propertyDetails_grossPremiumFormatted: string (nullable = true)
 |-- propertyDetails_hasNewBuildingProject: boolean (nullable = true)
 |-- propertyDetails_hasVirtualTour: boolean (nullable = true)
 |-- propertyDetails_id: long (nullable = true)
 |-- propertyDetails_isHgCrosslisting: boolean (nullable = true)
 |-- propertyDetails_isHighlighted: boolean (nullable = true)
 |-- propertyDetails_isNeubauLite: boolean (nullable = true)
 |-- propertyDetails_isNeubauLitePremium: boolean (nullable = true)
 |-- propertyDetails_isNew: boolean (nullable = true)
 |-- propertyDetails_isNewEndDate: string (nullable = true)
 |-- propertyDetails_isOnline: boolean (nullable = true)
 |-- propertyDetails_isPremiumToplisting: boolean (nullable = true)
 |-- propertyDetails_isQualityListing: boolean (nullable = true)
 |-- propertyDetails_isTopListing: boolean (nullable = true)
 |-- propertyDetails_lastModified: string (nullable = true)
 |-- propertyDetails_lastPublished: string (nullable = true)
 |-- propertyDetails_latitude: double (nullable = true)
 |-- propertyDetails_listingCompletenessScore: double (nullable = true)
 |-- propertyDetails_listingLayout: long (nullable = true)
 |-- propertyDetails_longitude: double (nullable = true)
 |-- propertyDetails_memberPackageId: long (nullable = true)
 |-- propertyDetails_msRegionId: long (nullable = true)
 |-- propertyDetails_municipalityBfsId: long (nullable = true)
 |-- propertyDetails_municipalityId: long (nullable = true)
 |-- propertyDetails_municipalityNameFormatted: string (nullable = true)
 |-- propertyDetails_normalizedPrice: long (nullable = true)
 |-- propertyDetails_normalizedPriceFormatted: string (nullable = true)
 |-- propertyDetails_numberOfRooms: double (nullable = true)
 |-- propertyDetails_numberOfRoomsFormatted: string (nullable = true)
 |-- propertyDetails_offerTypeId: long (nullable = true)
 |-- propertyDetails_packageScore: long (nullable = true)
 |-- propertyDetails_packageType: long (nullable = true)
 |-- propertyDetails_price: long (nullable = true)
 |-- propertyDetails_priceFormatted: string (nullable = true)
 |-- propertyDetails_priceUnitId: long (nullable = true)
 |-- propertyDetails_priceUnitLabel: string (nullable = true)
 |-- propertyDetails_propertyCategoryId: long (nullable = true)
 |-- propertyDetails_propertyDetailUrl: string (nullable = true)
 |-- propertyDetails_propertyId: string (nullable = true)
 |-- propertyDetails_propertyTypeId: long (nullable = true)
 |-- propertyDetails_referenceNo: string (nullable = true)
 |-- propertyDetails_regionId: long (nullable = true)
 |-- propertyDetails_searchCity: string (nullable = true)
 |-- propertyDetails_searchDate: string (nullable = true)
 |-- propertyDetails_searchRadius: string (nullable = true)
 |-- propertyDetails_sellingPrice: long (nullable = true)
 |-- propertyDetails_sellingPriceFormatted: string (nullable = true)
 |-- propertyDetails_shortDescription: string (nullable = true)
 |-- propertyDetails_showContactForm: boolean (nullable = true)
 |-- propertyDetails_showContactFormAddress: boolean (nullable = true)
 |-- propertyDetails_sortalgoScore: double (nullable = true)
 |-- propertyDetails_sortalgoScore2: double (nullable = true)
 |-- propertyDetails_sortingPosition: long (nullable = true)
 |-- propertyDetails_state: string (nullable = true)
 |-- propertyDetails_stateShort: string (nullable = true)
 |-- propertyDetails_street: string (nullable = true)
 |-- propertyDetails_surfaceLiving: long (nullable = true)
 |-- propertyDetails_surfaceLivingFormatted: string (nullable = true)
 |-- propertyDetails_surfaceProperty: long (nullable = true)
 |-- propertyDetails_surfacePropertyFormatted: string (nullable = true)
 |-- propertyDetails_surfaceUsable: long (nullable = true)
 |-- propertyDetails_surfaceUsableFormatted: string (nullable = true)
 |-- propertyDetails_title: string (nullable = true)
 |-- propertyDetails_url: string (nullable = true)
 |-- propertyDetails_urlTitle: string (nullable = true)
 |-- propertyDetails_userRelevantScore: double (nullable = true)
 |-- propertyDetails_videoViewingEnabled: boolean (nullable = true)
 |-- propertyDetails_visitName: string (nullable = true)
 |-- propertyDetails_visitPhone: string (nullable = true)
 |-- propertyDetails_visitRemark: string (nullable = true)
 |-- propertyDetails_zip: string (nullable = true)
 |-- propertyDetails_zipId: long (nullable = true)
 |-- viewData_agencyPhoneStatsUrl: string (nullable = true)
 |-- viewData_allowOnlineApplication: boolean (nullable = true)
 |-- viewData_allowOnlineApplicationForAroov: boolean (nullable = true)
 |-- viewData_anibisUrl: string (nullable = true)
 |-- viewData_areSimilarPropertiesFromSameAdvertiser: boolean (nullable = true)
 |-- viewData_aroovOnlineApplicationUrl: string (nullable = true)
 |-- viewData_debtEnforcementLandingPageUrl: string (nullable = true)
 |-- viewData_detailPrintStatsUrl: string (nullable = true)
 |-- viewData_detailViewStatsUrl: string (nullable = true)
 |-- viewData_financingLinkUrl: string (nullable = true)
 |-- viewData_movingUrl: string (nullable = true)
 |-- viewData_showAccountProperties: boolean (nullable = true)
 |-- viewData_showOnlineApplicationApply: boolean (nullable = true)
 |-- viewData_showSimilarProperties: boolean (nullable = true)
 |-- viewData_visitPhoneStatsUrl: string (nullable = true)
 |-- propertyDetails_agency_companyCity: string (nullable = true)
 |-- propertyDetails_agency_companyName1: string (nullable = true)
 |-- propertyDetails_agency_companyName2: string (nullable = true)
 |-- propertyDetails_agency_companyPhoneBusiness: string (nullable = true)
 |-- propertyDetails_agency_companyPhoneMobile: string (nullable = true)
 |-- propertyDetails_agency_companyStreet: string (nullable = true)
 |-- propertyDetails_agency_companyZip: string (nullable = true)
 |-- propertyDetails_agency_firstName: string (nullable = true)
 |-- propertyDetails_agency_gender: string (nullable = true)
 |-- propertyDetails_agency_isAccountMigrated: boolean (nullable = true)
 |-- propertyDetails_agency_isGuest: boolean (nullable = true)
 |-- propertyDetails_agency_lastName: string (nullable = true)
 |-- propertyDetails_agency_logoUrl: string (nullable = true)
 |-- propertyDetails_agency_logoUrlDetailPage: string (nullable = true)
 |-- propertyDetails_agency_nameFormatted: string (nullable = true)
 |-- propertyDetails_agency_reference: string (nullable = true)
 |-- propertyDetails_agency_showLogoOnSerp: boolean (nullable = true)
 |-- propertyDetails_agency_userType: string (nullable = true)
 |-- propertyDetails_agency_webUrl: string (nullable = true)
 |-- propertyDetails_attributes_cornerHouse: boolean (nullable = true)
 |-- propertyDetails_attributes_flatSharingCommunity: boolean (nullable = true)
 |-- propertyDetails_attributes_middleHouse: boolean (nullable = true)
 |-- propertyDetails_attributes_newBuilding: boolean (nullable = true)
 |-- propertyDetails_attributes_oldBuilding: boolean (nullable = true)
 |-- propertyDetails_attributes_swimmingPool: boolean (nullable = true)
 |-- propertyDetails_attributes_underBuildingLaws: boolean (nullable = true)
 |-- propertyDetails_attributes_yearBuilt: long (nullable = true)
 |-- propertyDetails_attributes_yearRenovated: long (nullable = true)
 |-- propertyDetails_attributesInside_animalAllowed: boolean (nullable = true)
 |-- propertyDetails_attributesInside_attic: boolean (nullable = true)
 |-- propertyDetails_attributesInside_cellar: boolean (nullable = true)
 |-- propertyDetails_attributesInside_firePlace: boolean (nullable = true)
 |-- propertyDetails_attributesInside_nrBathRooms: long (nullable = true)
 |-- propertyDetails_attributesInside_propView: boolean (nullable = true)
 |-- propertyDetails_attributesInside_reduit: boolean (nullable = true)
 |-- propertyDetails_attributesInside_wheelChairAccessible: boolean (nullable = true)
 |-- propertyDetails_attributesOutside_playGround: boolean (nullable = true)
 |-- propertyDetails_attributesOutside_propBalcony: boolean (nullable = true)
 |-- propertyDetails_attributesOutside_propChildFriendly: boolean (nullable = true)
 |-- propertyDetails_attributesOutside_propElevator: boolean (nullable = true)
 |-- propertyDetails_attributesOutside_propGarage: boolean (nullable = true)
 |-- propertyDetails_attributesOutside_propParking: boolean (nullable = true)
 |-- propertyDetails_attributesSize_floor: long (nullable = true)
 |-- propertyDetails_attributesSize_floorFormatted: string (nullable = true)
 |-- propertyDetails_attributesSize_numberOfFloors: long (nullable = true)
 |-- propertyDetails_attributesSize_raisedGroundFloor: boolean (nullable = true)
 |-- propertyDetails_attributesSize_volume: long (nullable = true)
 |-- propertyDetails_attributesSize_volumeFormatted: string (nullable = true)
 |-- propertyDetails_attributesSurrounding_distanceKindergarten: long (nullable = true)
 |-- propertyDetails_attributesSurrounding_distanceKindergartenFormatted: string (nullable = true)
 |-- propertyDetails_attributesSurrounding_distanceMotorway: long (nullable = true)
 |-- propertyDetails_attributesSurrounding_distanceMotorwayFormatted: string (nullable = true)
 |-- propertyDetails_attributesSurrounding_distancePublicTransport: long (nullable = true)
 |-- propertyDetails_attributesSurrounding_distancePublicTransportFormatted: string (nullable = true)
 |-- propertyDetails_attributesSurrounding_distanceSchool1: long (nullable = true)
 |-- propertyDetails_attributesSurrounding_distanceSchool1Formatted: string (nullable = true)
 |-- propertyDetails_attributesSurrounding_distanceSchool2: long (nullable = true)
 |-- propertyDetails_attributesSurrounding_distanceSchool2Formatted: string (nullable = true)
 |-- propertyDetails_attributesSurrounding_distanceShop: long (nullable = true)
 |-- propertyDetails_attributesSurrounding_distanceShopFormatted: string (nullable = true)
 |-- propertyDetails_attributesSurrounding_objectSituation: string (nullable = true)
 |-- propertyDetails_attributesTechnology_dishWasher: boolean (nullable = true)
 |-- propertyDetails_attributesTechnology_isMinergieCertified: boolean (nullable = true)
 |-- propertyDetails_attributesTechnology_minergieGeneral: boolean (nullable = true)
 |-- propertyDetails_attributesTechnology_propCabletv: boolean (nullable = true)
 |-- propertyDetails_attributesTechnology_separateTumbleDryer: boolean (nullable = true)
 |-- propertyDetails_attributesTechnology_separateWashingMachine: boolean (nullable = true)
 |-- propertyDetails_attributesTechnology_steamer: boolean (nullable = true)
 |-- propertyDetails_images_description: string (nullable = true)
 |-- propertyDetails_images_id: long (nullable = true)
 |-- propertyDetails_images_lastModified: string (nullable = true)
 |-- propertyDetails_images_originalHeight: long (nullable = true)
 |-- propertyDetails_images_originalWidth: long (nullable = true)
 |-- propertyDetails_images_sortOrder: long (nullable = true)
 |-- propertyDetails_images_title: string (nullable = true)
 |-- propertyDetails_images_url: string (nullable = true)
 |-- propertyDetails_newBuildingLiteProject_projectDetailUrl: string (nullable = true)
 |-- propertyDetails_newBuildingLiteProject_projectName: string (nullable = true)
 |-- propertyDetails_pdfs_description: string (nullable = true)
 |-- propertyDetails_pdfs_id: long (nullable = true)
 |-- propertyDetails_pdfs_lastModified: string (nullable = true)
 |-- propertyDetails_pdfs_sortOrder: long (nullable = true)
 |-- propertyDetails_pdfs_title: string (nullable = true)
 |-- propertyDetails_pdfs_url: string (nullable = true)
 |-- propertyDetails_videos_description: string (nullable = true)
 |-- propertyDetails_videos_id: long (nullable = true)
 |-- propertyDetails_videos_lastModified: string (nullable = true)
 |-- propertyDetails_videos_remoteId: string (nullable = true)
 |-- propertyDetails_videos_sortOrder: long (nullable = true)
 |-- propertyDetails_videos_title: string (nullable = true)
 |-- propertyDetails_virtualTours_description: string (nullable = true)
 |-- propertyDetails_virtualTours_id: long (nullable = true)
 |-- propertyDetails_virtualTours_lastModified: string (nullable = true)
 |-- propertyDetails_virtualTours_sortOrder: long (nullable = true)
 |-- propertyDetails_virtualTours_title: string (nullable = true)
 |-- propertyDetails_virtualTours_url: string (nullable = true)
 |-- viewData_agencyBusinessImage_description: string (nullable = true)
 |-- viewData_agencyBusinessImage_id: long (nullable = true)
 |-- viewData_agencyBusinessImage_lastModified: string (nullable = true)
 |-- viewData_agencyBusinessImage_originalHeight: long (nullable = true)
 |-- viewData_agencyBusinessImage_originalWidth: long (nullable = true)
 |-- viewData_agencyBusinessImage_sortOrder: long (nullable = true)
 |-- viewData_agencyBusinessImage_title: string (nullable = true)
 |-- viewData_agencyBusinessImage_url: string (nullable = true)
 |-- viewData_viewDataWeb_accountPropertiesUrl: string (nullable = true)
 |-- viewData_viewDataWeb_copyShareUrl: string (nullable = true)
 |-- viewData_viewDataWeb_fbShareUrl: string (nullable = true)
 |-- viewData_viewDataWeb_whatsAppShareUrl: string (nullable = true)
 |-- propertyDetails_commuteTimes_defaultPois_defaultPoiId: long (nullable = true)
 |-- propertyDetails_commuteTimes_defaultPois_label: string (nullable = true)
 |-- propertyDetails_commuteTimes_defaultPois_transportations_isReachable: boolean (nullable = true)
 |-- propertyDetails_commuteTimes_defaultPois_transportations_transportationTypeId: long (nullable = true)
 |-- propertyDetails_commuteTimes_defaultPois_transportations_travelTime: long (nullable = true)
 |-- viewData_viewDataWeb_webView_gtmData_activeLanguage: string (nullable = true)
 |-- viewData_viewDataWeb_webView_gtmData_countImages: string (nullable = true)
 |-- viewData_viewDataWeb_webView_gtmData_countPDF: string (nullable = true)
 |-- viewData_viewDataWeb_webView_gtmData_country: string (nullable = true)
 |-- viewData_viewDataWeb_webView_gtmData_customerType: string (nullable = true)
 |-- viewData_viewDataWeb_webView_gtmData_englishVirtualPagePath: string (nullable = true)
 |-- viewData_viewDataWeb_webView_gtmData_floorLevel: string (nullable = true)
 |-- viewData_viewDataWeb_webView_gtmData_hasHighlighting: string (nullable = true)
 |-- viewData_viewDataWeb_webView_gtmData_hasToplisting: string (nullable = true)
 |-- viewData_viewDataWeb_webView_gtmData_hasVideoViewing: string (nullable = true)
 |-- viewData_viewDataWeb_webView_gtmData_hasVirtualTour: string (nullable = true)
 |-- viewData_viewDataWeb_webView_gtmData_hasYoutube: string (nullable = true)
 |-- viewData_viewDataWeb_webView_gtmData_isCooperation: string (nullable = true)
 |-- viewData_viewDataWeb_webView_gtmData_isNewBuilding: string (nullable = true)
 |-- viewData_viewDataWeb_webView_gtmData_isShortUrl: string (nullable = true)
 |-- viewData_viewDataWeb_webView_gtmData_listingAccountId: long (nullable = true)
 |-- viewData_viewDataWeb_webView_gtmData_listingCompletenessScore: double (nullable = true)
 |-- viewData_viewDataWeb_webView_gtmData_listingId: string (nullable = true)
 |-- viewData_viewDataWeb_webView_gtmData_listingLayout: long (nullable = true)
 |-- viewData_viewDataWeb_webView_gtmData_listing_availability: string (nullable = true)
 |-- viewData_viewDataWeb_webView_gtmData_listing_cantonName: string (nullable = true)
 |-- viewData_viewDataWeb_webView_gtmData_listing_locationName: string (nullable = true)
 |-- viewData_viewDataWeb_webView_gtmData_listing_msregion: long (nullable = true)
 |-- viewData_viewDataWeb_webView_gtmData_listing_propertySpace: string (nullable = true)
 |-- viewData_viewDataWeb_webView_gtmData_listing_propertyType: string (nullable = true)
 |-- viewData_viewDataWeb_webView_gtmData_listing_zip: string (nullable = true)
 |-- viewData_viewDataWeb_webView_gtmData_livingSpace: string (nullable = true)
 |-- viewData_viewDataWeb_webView_gtmData_localVirtualPagePath: string (nullable = true)
 |-- viewData_viewDataWeb_webView_gtmData_numberOfRooms: string (nullable = true)
 |-- viewData_viewDataWeb_webView_gtmData_offerTypeName: string (nullable = true)
 |-- viewData_viewDataWeb_webView_gtmData_packageName: long (nullable = true)
 |-- viewData_viewDataWeb_webView_gtmData_packageScore: long (nullable = true)
 |-- viewData_viewDataWeb_webView_gtmData_previewImageUrl: string (nullable = true)
 |-- viewData_viewDataWeb_webView_gtmData_price: string (nullable = true)
 |-- viewData_viewDataWeb_webView_gtmData_sortingScore: double (nullable = true)
 |-- viewData_viewDataWeb_webView_gtmData_streetName: string (nullable = true)
 |-- viewData_viewDataWeb_webView_gtmData_userLoggedIn: string (nullable = true)
 |-- viewData_viewDataWeb_webView_gtmData_userOrigin: string (nullable = true)
 |-- viewData_viewDataWeb_webView_gtmData_userRelevantScore: double (nullable = true)
 |-- viewData_viewDataWeb_webView_gtmData_viewTab: string (nullable = true)
 |-- viewData_viewDataWeb_webView_openGraphData_description: string (nullable = true)
 |-- viewData_viewDataWeb_webView_openGraphData_imageHeight: string (nullable = true)
 |-- viewData_viewDataWeb_webView_openGraphData_imageType: string (nullable = true)
 |-- viewData_viewDataWeb_webView_openGraphData_imageUrl: string (nullable = true)
 |-- viewData_viewDataWeb_webView_openGraphData_imageWidth: string (nullable = true)
 |-- viewData_viewDataWeb_webView_openGraphData_title: string (nullable = true)
 |-- viewData_viewDataWeb_webView_openGraphData_url: string (nullable = true)
 |-- viewData_viewDataWeb_webView_structuredData_@context: string (nullable = true)
 |-- viewData_viewDataWeb_webView_structuredData_@graph_@type: string (nullable = true)
 |-- viewData_viewDataWeb_webView_structuredData_@graph_availability: string (nullable = true)
 |-- viewData_viewDataWeb_webView_structuredData_@graph_description: string (nullable = true)
 |-- viewData_viewDataWeb_webView_structuredData_@graph_image: string (nullable = true)
 |-- viewData_viewDataWeb_webView_structuredData_@graph_name: string (nullable = true)
 |-- viewData_viewDataWeb_webView_structuredData_@graph_price: long (nullable = true)
 |-- viewData_viewDataWeb_webView_structuredData_@graph_priceCurrency: string (nullable = true)
 |-- viewData_viewDataWeb_webView_structuredData_@graph_url: string (nullable = true)

