[32m2023-05-31 12:45:56 +0200[0m - dagster - [34mDEBUG[0m - __ASSET_JOB - 1a6c0848-5939-4085-b06a-9c44a82095c3 - 56869 - LOGS_CAPTURED - Started capturing logs in process (pid: 56869).
[32m2023-05-31 12:45:56 +0200[0m - dagster - [34mDEBUG[0m - __ASSET_JOB - 1a6c0848-5939-4085-b06a-9c44a82095c3 - 56869 - create_delta_table - STEP_START - Started execution of step "create_delta_table".
Ivy Default Cache set to: /Users/ctac/.ivy2/cache
The jars for the packages stored in: /Users/ctac/.ivy2/jars
io.delta#delta-core_2.12 added as a dependency
org.apache.hadoop#hadoop-aws added as a dependency
:: resolving dependencies :: org.apache.spark#spark-submit-parent-8820cc2d-16c1-44ea-955a-13ee117fb276;1.0
	confs: [default]
	found io.delta#delta-core_2.12;2.1.0 in central
	found io.delta#delta-storage;2.1.0 in central
	found org.antlr#antlr4-runtime;4.8 in central
	found org.codehaus.jackson#jackson-core-asl;1.9.13 in central
	found org.apache.hadoop#hadoop-aws;3.3.2 in central
	found com.amazonaws#aws-java-sdk-bundle;1.11.1026 in central
	found org.wildfly.openssl#wildfly-openssl;1.0.7.Final in central
:: resolution report :: resolve 131ms :: artifacts dl 4ms
	:: modules in use:
	com.amazonaws#aws-java-sdk-bundle;1.11.1026 from central in [default]
	io.delta#delta-core_2.12;2.1.0 from central in [default]
	io.delta#delta-storage;2.1.0 from central in [default]
	org.antlr#antlr4-runtime;4.8 from central in [default]
	org.apache.hadoop#hadoop-aws;3.3.2 from central in [default]
	org.codehaus.jackson#jackson-core-asl;1.9.13 from central in [default]
	org.wildfly.openssl#wildfly-openssl;1.0.7.Final from central in [default]
	---------------------------------------------------------------------
	|                  |            modules            ||   artifacts   |
	|       conf       | number| search|dwnlded|evicted|| number|dwnlded|
	---------------------------------------------------------------------
	|      default     |   7   |   0   |   0   |   0   ||   7   |   0   |
	---------------------------------------------------------------------
:: retrieving :: org.apache.spark#spark-submit-parent-8820cc2d-16c1-44ea-955a-13ee117fb276
	confs: [default]
	0 artifacts copied, 7 already retrieved (0kB/4ms)
Setting default log level to "WARN".
To adjust logging level use sc.setLogLevel(newLevel). For SparkR, use setLogLevel(newLevel).
[32m2023-05-31 12:46:02 +0200[0m - dagster - [34mDEBUG[0m - __ASSET_JOB - 1a6c0848-5939-4085-b06a-9c44a82095c3 - 56869 - create_delta_table - LOADED_INPUT - Loaded input "json_to_flat_properties" using input manager "local_parquet_io_manager"
[32m2023-05-31 12:46:02 +0200[0m - dagster - [34mDEBUG[0m - __ASSET_JOB - 1a6c0848-5939-4085-b06a-9c44a82095c3 - 56869 - create_delta_table - STEP_INPUT - Got input "json_to_flat_properties" of type "DataFrame". (Type check passed).
[32m2023-05-31 12:46:02 +0200[0m - dagster - [34mINFO[0m - __ASSET_JOB - 1a6c0848-5939-4085-b06a-9c44a82095c3 - create_delta_table - 19344
[Stage 6:============================>                            (25 + 8) / 50][Stage 6:=========================================>               (36 + 8) / 50]                                                                                [32m2023-05-31 12:46:08 +0200[0m - dagster - [34mERROR[0m - [31m__ASSET_JOB - 1a6c0848-5939-4085-b06a-9c44a82095c3 - 56869 - create_delta_table - STEP_FAILURE - Execution of step "create_delta_table" failed.

dagster._core.errors.DagsterExecutionStepExecutionError: Error occurred while executing op "create_delta_table"::

AttributeError: 'NoneType' object has no attribute 'show'

Stack Trace:
  File "/Users/ctac/Desktop/Data Engineer /Projects/realestate_scraping_project/env/lib/python3.11/site-packages/dagster/_core/execution/plan/utils.py", line 54, in op_execution_error_boundary
    yield
  File "/Users/ctac/Desktop/Data Engineer /Projects/realestate_scraping_project/env/lib/python3.11/site-packages/dagster/_utils/__init__.py", line 443, in iterate_with_context
    next_output = next(iterator)
                  ^^^^^^^^^^^^^^
  File "/Users/ctac/Desktop/Data Engineer /Projects/realestate_scraping_project/env/lib/python3.11/site-packages/dagster/_core/execution/plan/compute_generator.py", line 124, in _coerce_solid_compute_fn_to_iterator
    result = invoke_compute_fn(
             ^^^^^^^^^^^^^^^^^^
  File "/Users/ctac/Desktop/Data Engineer /Projects/realestate_scraping_project/env/lib/python3.11/site-packages/dagster/_core/execution/plan/compute_generator.py", line 118, in invoke_compute_fn
    return fn(context, **args_to_pass) if context_arg_provided else fn(**args_to_pass)
           ^^^^^^^^^^^^^^^^^^^^^^^^^^^
  File "/Users/ctac/Desktop/Data Engineer /Projects/realestate_scraping_project/realestate-scraping/realestate_scraping/assets/core/realestate_scraping.py", line 254, in create_delta_table
    context.log.info(f"Schema of the delta table: \n{df_delta.printSchema().show()}")
                                                     ^^^^^^^^^^^^^^^^^^^^^^^^^^^
[0m
