[32m2023-05-31 17:33:57 +0200[0m - dagster - [34mDEBUG[0m - __ASSET_JOB - ceb7b306-f090-4c9e-8d8b-6461c8e4d1a7 - 66393 - LOGS_CAPTURED - Started capturing logs in process (pid: 66393).
[32m2023-05-31 17:33:57 +0200[0m - dagster - [34mDEBUG[0m - __ASSET_JOB - ceb7b306-f090-4c9e-8d8b-6461c8e4d1a7 - 66393 - filter_for_new_properties - STEP_START - Started execution of step "filter_for_new_properties".
[32m2023-05-31 17:33:57 +0200[0m - dagster - [34mDEBUG[0m - __ASSET_JOB - ceb7b306-f090-4c9e-8d8b-6461c8e4d1a7 - filter_for_new_properties - Loading file from: /Users/ctac/Desktop/Data Engineer /Projects/realestate_scraping_project/realestate-scraping/tmptzlrvrrr/storage/scrape_pages
[32m2023-05-31 17:33:57 +0200[0m - dagster - [34mDEBUG[0m - __ASSET_JOB - ceb7b306-f090-4c9e-8d8b-6461c8e4d1a7 - 66393 - filter_for_new_properties - ASSET_OBSERVATION - DagsterEventType.ASSET_OBSERVATION for step filter_for_new_properties
[32m2023-05-31 17:33:57 +0200[0m - dagster - [34mDEBUG[0m - __ASSET_JOB - ceb7b306-f090-4c9e-8d8b-6461c8e4d1a7 - 66393 - filter_for_new_properties - LOADED_INPUT - Loaded input "scrape_pages" using input manager "io_manager"
[32m2023-05-31 17:33:57 +0200[0m - dagster - [34mDEBUG[0m - __ASSET_JOB - ceb7b306-f090-4c9e-8d8b-6461c8e4d1a7 - 66393 - filter_for_new_properties - STEP_INPUT - Got input "scrape_pages" of type "Any". (Type check passed).
Ivy Default Cache set to: /Users/ctac/.ivy2/cache
The jars for the packages stored in: /Users/ctac/.ivy2/jars
io.delta#delta-core_2.12 added as a dependency
org.apache.hadoop#hadoop-aws added as a dependency
:: resolving dependencies :: org.apache.spark#spark-submit-parent-a6654787-7e43-4f3b-9b30-2ffa6215dbe9;1.0
	confs: [default]
	found io.delta#delta-core_2.12;2.1.0 in central
	found io.delta#delta-storage;2.1.0 in central
	found org.antlr#antlr4-runtime;4.8 in central
	found org.codehaus.jackson#jackson-core-asl;1.9.13 in central
	found org.apache.hadoop#hadoop-aws;3.3.2 in central
	found com.amazonaws#aws-java-sdk-bundle;1.11.1026 in central
	found org.wildfly.openssl#wildfly-openssl;1.0.7.Final in central
:: resolution report :: resolve 136ms :: artifacts dl 4ms
	:: modules in use:
	com.amazonaws#aws-java-sdk-bundle;1.11.1026 from central in [default]
	io.delta#delta-core_2.12;2.1.0 from central in [default]
	io.delta#delta-storage;2.1.0 from central in [default]
	org.antlr#antlr4-runtime;4.8 from central in [default]
	org.apache.hadoop#hadoop-aws;3.3.2 from central in [default]
	org.codehaus.jackson#jackson-core-asl;1.9.13 from central in [default]
	org.wildfly.openssl#wildfly-openssl;1.0.7.Final from central in [default]
	---------------------------------------------------------------------
	|                  |            modules            ||   artifacts   |
	|       conf       | number| search|dwnlded|evicted|| number|dwnlded|
	---------------------------------------------------------------------
	|      default     |   7   |   0   |   0   |   0   ||   7   |   0   |
	---------------------------------------------------------------------
:: retrieving :: org.apache.spark#spark-submit-parent-a6654787-7e43-4f3b-9b30-2ffa6215dbe9
	confs: [default]
	0 artifacts copied, 7 already retrieved (0kB/3ms)
Setting default log level to "WARN".
To adjust logging level use sc.setLogLevel(newLevel). For SparkR, use setLogLevel(newLevel).
[Stage 2:===================================>                     (31 + 8) / 50]                                                                                [Stage 8:>                                                          (0 + 8) / 8]                                                                                [32m2023-05-31 17:34:09 +0200[0m - dagster - [34mINFO[0m - __ASSET_JOB - ceb7b306-f090-4c9e-8d8b-6461c8e4d1a7 - filter_for_new_properties - changed properties: 7635457, 7635457, 7635457, 7635457, 7635457, 7635457, 7635457, 7635457, 7635457, 7635457, 7635457, 7635457, 7635457, 7635457, 7635457, 7635457, 7635457, 7635457, 7635457, 7635457, 7635457, 7559068, 7559066, 7559065, 7727366, 7709765, 7578309, 7772664, 7735830, 7720425, 7647599, 7647599, 7647599, 7647599, 7647599, 7647599, 7647599, 7647599, 7647599, 7647599, 7647599, 7647599, 7647599, 7647599, 7647599, 7647599, 7647599, 7647599, 7647599, 7647599, 7647599, 7613298, 7745445, 7702297, 7698213, 7709306, 7784310, 7719378, 7703774, 7647922, 7574202, 7574202, 7574202, 7574202, 7574202, 7574202, 7574202, 7574202, 7574202, 7574202, 7574202, 7574202, 7574202, 7574202, 7574202, 7574202, 7574202, 7574202, 7574202, 7574202, 7574202, 7574202, 7574202, 7574202, 7574202, 7574202, 7574202, 7574202, 7574202, 7574202, 7574202, 7574202, 7574202, 7574202, 7574202, 7574202, 7574202, 7574202, 7574202, 7771051, 7768739, 7711858, 7559067, 7495182, 7495182, 7495182, 7495182, 7495182, 7495182, 7495182, 7495182, 7495182, 7495182, 7495182, 7495182, 7495182, 7495182, 7495182, 7495182, 7495182, 7495182, 7495182, 7495182, 7495182, 7495182, 7495182, 7495182, 7495182, 7495182, 7495182, 7495182, 7495182, 7495182, 7495182, 7495182, 7495182, 7495182, 7495182, 7495182, 7495182, 7495182, 7495182, 7786651, 7779868, 7777242, 7767549, 7764133, 7747674, 7740255, 7782231, 7779706, 7776745, 7770357, 7764936, 7751534, 7709465, 7789762, 7775070, 7773772, 7756265, 7756264, 7756261, 7782147, 7775487, 7773803, 7773802, 7749271, 7747420, 7746453, 7782500, 7762980, 7536330, 7789302, 7777241, 7711210, 7636044, 7784119, 7781730, 7781725, 7773943, 7766016, 7765656, 7765444, 7761850, 7755498, 7750480, 7748976, 7718368, 7704435, 7608971, 7573080, 7573080, 7573080, 7573080, 7573080, 7573080, 7573080, 7573080, 7573080, 7573080, 7573080, 7573080, 7573080, 7573080, 7573080, 7573080, 7573080, 7573080, 7573080, 7573080, 7573080, 7573080, 7573080, 7573080, 7573080, 7573080, 7573080, 7573080, 7573080, 7573080, 7573080, 7573080, 7573080, 7573080, 7573080, 7573080, 7573080, 7573080, 7573080, 7787767, 7773700, 7760655, 7780751, 7777312, 7787419, 7784913, 7714320, 7779836, 7747509, 7745046, 7326682, 7789763, 7786759, 7759653, 7744944, 7788731, 7744100, 7727179, 7484912, 7603446, 7603446, 7603446, 7603446, 7603446, 7603446, 7603446, 7603446, 7603446, 7603446, 7603446, 7603446, 7603446, 7603446, 7603446, 7603446, 7603446, 7603446, 7313175, 7313175, 7313175, 7313175, 7313175, 7313175, 7313175, 7313175, 7313175, 7313175, 7313175, 7313175, 7313175, 7313175, 7313175, 7313175, 7313175, 7313175, 7313175, 7313175, 7313175, 7313175, 7313175, 7313175, 7313175, 7313175, 7313175, 7313175, 7313175, 7313175, 7313175, 7313175, 7313175, 7313175, 7313175, 7313175, 7313175, 7313175, 7313175, 7313175, 7313175, 7313175, 7313175, 7313175, 7313175, 7772372, 7713243
[32m2023-05-31 17:34:09 +0200[0m - dagster - [34mDEBUG[0m - __ASSET_JOB - ceb7b306-f090-4c9e-8d8b-6461c8e4d1a7 - 66393 - filter_for_new_properties - STEP_OUTPUT - Yielded output "result" of type "Any". (Type check passed).
[32m2023-05-31 17:34:09 +0200[0m - dagster - [34mDEBUG[0m - __ASSET_JOB - ceb7b306-f090-4c9e-8d8b-6461c8e4d1a7 - filter_for_new_properties - Writing file at: /Users/ctac/Desktop/Data Engineer /Projects/realestate_scraping_project/realestate-scraping/tmptzlrvrrr/storage/filter_for_new_properties
[32m2023-05-31 17:34:09 +0200[0m - dagster - [34mDEBUG[0m - __ASSET_JOB - ceb7b306-f090-4c9e-8d8b-6461c8e4d1a7 - 66393 - filter_for_new_properties - ASSET_MATERIALIZATION - Materialized value filter_for_new_properties.
[32m2023-05-31 17:34:09 +0200[0m - dagster - [34mDEBUG[0m - __ASSET_JOB - ceb7b306-f090-4c9e-8d8b-6461c8e4d1a7 - 66393 - filter_for_new_properties - HANDLED_OUTPUT - Handled output "result" using IO manager "io_manager"
[32m2023-05-31 17:34:09 +0200[0m - dagster - [34mDEBUG[0m - __ASSET_JOB - ceb7b306-f090-4c9e-8d8b-6461c8e4d1a7 - 66393 - filter_for_new_properties - STEP_SUCCESS - Finished execution of step "filter_for_new_properties" in 12.21s.
